[4.491s] Invoking command in '/home/kobayashi/ros2_ws/src/mypkg': PYTHONPATH=/home/kobayashi/ros2_ws/build/mypkg/prefix_override:/home/kobayashi/ros2_ws/install/mypkg/lib/python3.8/site-packages:${PYTHONPATH} /usr/bin/python3 setup.py egg_info --egg-base ../../build/mypkg build --build-base /home/kobayashi/ros2_ws/build/mypkg/build install --record /home/kobayashi/ros2_ws/build/mypkg/install.log --install-scripts $base/lib/mypkg --single-version-externally-managed
[5.256s] running egg_info
[5.259s] writing ../../build/mypkg/mypkg.egg-info/PKG-INFO
[5.261s] writing dependency_links to ../../build/mypkg/mypkg.egg-info/dependency_links.txt
[5.263s] writing entry points to ../../build/mypkg/mypkg.egg-info/entry_points.txt
[5.265s] writing requirements to ../../build/mypkg/mypkg.egg-info/requires.txt
[5.268s] writing top-level names to ../../build/mypkg/mypkg.egg-info/top_level.txt
[5.376s] reading manifest file '../../build/mypkg/mypkg.egg-info/SOURCES.txt'
[5.380s] writing manifest file '../../build/mypkg/mypkg.egg-info/SOURCES.txt'
[5.380s] running build
[5.381s] running build_py
[5.381s] running install
[5.383s] running install_lib
[5.386s] running install_data
[5.388s] copying launch/talk_listen.launch.py -> /home/kobayashi/ros2_ws/install/mypkg/share/mypkg
[5.389s] running install_egg_info
[5.400s] removing '/home/kobayashi/ros2_ws/install/mypkg/lib/python3.8/site-packages/mypkg-0.0.0-py3.8.egg-info' (and everything under it)
[5.401s] Copying ../../build/mypkg/mypkg.egg-info to /home/kobayashi/ros2_ws/install/mypkg/lib/python3.8/site-packages/mypkg-0.0.0-py3.8.egg-info
[5.404s] running install_scripts
[5.473s] Installing listener script to /home/kobayashi/ros2_ws/install/mypkg/lib/mypkg
[5.474s] Installing talker script to /home/kobayashi/ros2_ws/install/mypkg/lib/mypkg
[5.477s] writing list of installed files to '/home/kobayashi/ros2_ws/build/mypkg/install.log'
[5.586s] Invoked command in '/home/kobayashi/ros2_ws/src/mypkg' returned '0': PYTHONPATH=/home/kobayashi/ros2_ws/build/mypkg/prefix_override:/home/kobayashi/ros2_ws/install/mypkg/lib/python3.8/site-packages:${PYTHONPATH} /usr/bin/python3 setup.py egg_info --egg-base ../../build/mypkg build --build-base /home/kobayashi/ros2_ws/build/mypkg/build install --record /home/kobayashi/ros2_ws/build/mypkg/install.log --install-scripts $base/lib/mypkg --single-version-externally-managed
