[1.049s] Invoking command in '/home/kobayashi/ros2_ws/src/mypkg': PYTHONPATH=/home/kobayashi/ros2_ws/build/mypkg/prefix_override:/home/kobayashi/ros2_ws/install/mypkg/lib/python3.8/site-packages:${PYTHONPATH} /usr/bin/python3 setup.py egg_info --egg-base ../../build/mypkg build --build-base /home/kobayashi/ros2_ws/build/mypkg/build install --record /home/kobayashi/ros2_ws/build/mypkg/install.log --install-scripts $base/lib/mypkg --single-version-externally-managed
[1.233s] running egg_info
[1.233s] creating ../../build/mypkg/mypkg.egg-info
[1.233s] writing ../../build/mypkg/mypkg.egg-info/PKG-INFO
[1.234s] writing dependency_links to ../../build/mypkg/mypkg.egg-info/dependency_links.txt
[1.234s] writing entry points to ../../build/mypkg/mypkg.egg-info/entry_points.txt
[1.234s] writing requirements to ../../build/mypkg/mypkg.egg-info/requires.txt
[1.234s] writing top-level names to ../../build/mypkg/mypkg.egg-info/top_level.txt
[1.239s] writing manifest file '../../build/mypkg/mypkg.egg-info/SOURCES.txt'
[1.272s] reading manifest file '../../build/mypkg/mypkg.egg-info/SOURCES.txt'
[1.273s] writing manifest file '../../build/mypkg/mypkg.egg-info/SOURCES.txt'
[1.273s] running build
[1.273s] running build_py
[1.274s] creating /home/kobayashi/ros2_ws/build/mypkg/build
[1.274s] creating /home/kobayashi/ros2_ws/build/mypkg/build/lib
[1.274s] creating /home/kobayashi/ros2_ws/build/mypkg/build/lib/mypkg
[1.274s] copying mypkg/__init__.py -> /home/kobayashi/ros2_ws/build/mypkg/build/lib/mypkg
[1.275s] running install
[1.276s] running install_lib
[1.277s] creating /home/kobayashi/ros2_ws/install/mypkg/lib/python3.8/site-packages/mypkg
[1.277s] copying /home/kobayashi/ros2_ws/build/mypkg/build/lib/mypkg/__init__.py -> /home/kobayashi/ros2_ws/install/mypkg/lib/python3.8/site-packages/mypkg
[1.278s] byte-compiling /home/kobayashi/ros2_ws/install/mypkg/lib/python3.8/site-packages/mypkg/__init__.py to __init__.cpython-38.pyc
[1.280s] running install_data
[1.281s] creating /home/kobayashi/ros2_ws/install/mypkg/share/ament_index
[1.281s] creating /home/kobayashi/ros2_ws/install/mypkg/share/ament_index/resource_index
[1.281s] creating /home/kobayashi/ros2_ws/install/mypkg/share/ament_index/resource_index/packages
[1.282s] copying resource/mypkg -> /home/kobayashi/ros2_ws/install/mypkg/share/ament_index/resource_index/packages
[1.282s] copying package.xml -> /home/kobayashi/ros2_ws/install/mypkg/share/mypkg
[1.282s] running install_egg_info
[1.284s] Copying ../../build/mypkg/mypkg.egg-info to /home/kobayashi/ros2_ws/install/mypkg/lib/python3.8/site-packages/mypkg-0.0.0-py3.8.egg-info
[1.285s] running install_scripts
[1.303s] writing list of installed files to '/home/kobayashi/ros2_ws/build/mypkg/install.log'
[1.324s] Invoked command in '/home/kobayashi/ros2_ws/src/mypkg' returned '0': PYTHONPATH=/home/kobayashi/ros2_ws/build/mypkg/prefix_override:/home/kobayashi/ros2_ws/install/mypkg/lib/python3.8/site-packages:${PYTHONPATH} /usr/bin/python3 setup.py egg_info --egg-base ../../build/mypkg build --build-base /home/kobayashi/ros2_ws/build/mypkg/build install --record /home/kobayashi/ros2_ws/build/mypkg/install.log --install-scripts $base/lib/mypkg --single-version-externally-managed
