[0.452s] Invoking command in '/home/kobayashi/ros2_ws/build/person_msgs': CMAKE_PREFIX_PATH=${CMAKE_PREFIX_PATH}:/home/kobayashi/ros2_ws/install/mypkg:/opt/ros/foxy /usr/bin/cmake --build /home/kobayashi/ros2_ws/build/person_msgs -- -j8 -l8
[0.475s] -- Found ament_cmake: 0.9.12 (/opt/ros/foxy/share/ament_cmake/cmake)
[0.495s] -- Found PythonInterp: /usr/bin/python3 (found suitable version "3.8.10", minimum required is "3") 
[0.495s] -- Using PYTHON_EXECUTABLE: /usr/bin/python3
[0.659s] -- Found rosidl_default_generators: 1.0.1 (/opt/ros/foxy/share/rosidl_default_generators/cmake)
[0.661s] -- Using all available rosidl_typesupport_c: rosidl_typesupport_fastrtps_c;rosidl_typesupport_introspection_c
[0.665s] -- Found rosidl_adapter: 1.3.1 (/opt/ros/foxy/share/rosidl_adapter/cmake)
[3.037s] -- Using all available rosidl_typesupport_cpp: rosidl_typesupport_fastrtps_cpp;rosidl_typesupport_introspection_cpp
[3.073s] -- Found PythonInterp: /usr/bin/python3 (found version "3.8.10") 
[3.181s] -- Found ament_cmake_ros: 0.9.2 (/opt/ros/foxy/share/ament_cmake_ros/cmake)
[5.413s] -- Using all available rosidl_typesupport_c: rosidl_typesupport_fastrtps_c;rosidl_typesupport_introspection_c
[5.420s] -- Using all available rosidl_typesupport_cpp: rosidl_typesupport_fastrtps_cpp;rosidl_typesupport_introspection_cpp
[5.439s] -- Found PythonInterp: /usr/bin/python3 (found suitable version "3.8.10", minimum required is "3.5") 
[5.440s] -- Found python_cmake_module: 0.8.1 (/opt/ros/foxy/share/python_cmake_module/cmake)
[5.461s] -- Using PYTHON_EXECUTABLE: /usr/bin/python3
[5.461s] -- Using PYTHON_INCLUDE_DIRS: /usr/include/python3.8
[5.461s] -- Using PYTHON_LIBRARIES: /usr/lib/x86_64-linux-gnu/libpython3.8.so
[5.474s] -- Found ament_lint_auto: 0.9.8 (/opt/ros/foxy/share/ament_lint_auto/cmake)
[5.483s] -- Added test 'copyright' to check source files copyright and LICENSE
[5.484s] -- Added test 'lint_cmake' to check CMake code style
[5.485s] -- Added test 'xmllint' to check XML markup files
[5.488s] -- Configuring done
[5.518s] -- Generating done
[5.522s] -- Build files have been written to: /home/kobayashi/ros2_ws/build/person_msgs
[5.544s] [  2%] [34m[1mGenerating C code for ROS interfaces[0m
[5.545s] [35m[1mScanning dependencies of target person_msgs__cpp[0m
[5.554s] [  5%] [34m[1mGenerating C++ code for ROS interfaces[0m
[5.846s] [  5%] Built target person_msgs__cpp
[5.858s] [ 10%] [34m[1mGenerating C++ type support for eProsima Fast-RTPS[0m
[5.858s] [ 10%] [34m[1mGenerating C++ introspection for ROS interfaces[0m
[5.860s] [ 12%] [34m[1mGenerating C++ type support dispatch for ROS interfaces[0m
[5.861s] [35m[1mScanning dependencies of target person_msgs__rosidl_generator_c[0m
[5.876s] [ 17%] [32mBuilding C object CMakeFiles/person_msgs__rosidl_generator_c.dir/rosidl_generator_c/person_msgs/srv/detail/query__functions.c.o[0m
[5.876s] [ 17%] [32mBuilding C object CMakeFiles/person_msgs__rosidl_generator_c.dir/rosidl_generator_c/person_msgs/msg/detail/person__functions.c.o[0m
[5.947s] [ 20%] [32m[1mLinking C shared library libperson_msgs__rosidl_generator_c.so[0m
[6.029s] [ 20%] Built target person_msgs__rosidl_generator_c
[6.043s] [ 23%] [34m[1mGenerating C type support dispatch for ROS interfaces[0m
[6.043s] [ 25%] [34m[1mGenerating C introspection for ROS interfaces[0m
[6.141s] [35m[1mScanning dependencies of target person_msgs__rosidl_typesupport_cpp[0m
[6.158s] [ 30%] [32mBuilding CXX object CMakeFiles/person_msgs__rosidl_typesupport_cpp.dir/rosidl_typesupport_cpp/person_msgs/srv/query__type_support.cpp.o[0m
[6.158s] [ 30%] [32mBuilding CXX object CMakeFiles/person_msgs__rosidl_typesupport_cpp.dir/rosidl_typesupport_cpp/person_msgs/msg/person__type_support.cpp.o[0m
[6.192s] [35m[1mScanning dependencies of target person_msgs__rosidl_typesupport_introspection_cpp[0m
[6.208s] [ 35%] [32mBuilding CXX object CMakeFiles/person_msgs__rosidl_typesupport_introspection_cpp.dir/rosidl_typesupport_introspection_cpp/person_msgs/srv/detail/query__type_support.cpp.o[0m
[6.208s] [ 35%] [32mBuilding CXX object CMakeFiles/person_msgs__rosidl_typesupport_introspection_cpp.dir/rosidl_typesupport_introspection_cpp/person_msgs/msg/detail/person__type_support.cpp.o[0m
[6.265s] [35m[1mScanning dependencies of target person_msgs__rosidl_typesupport_fastrtps_cpp[0m
[6.298s] [ 38%] [32mBuilding CXX object CMakeFiles/person_msgs__rosidl_typesupport_fastrtps_cpp.dir/rosidl_typesupport_fastrtps_cpp/person_msgs/msg/detail/dds_fastrtps/person__type_support.cpp.o[0m
[6.304s] [ 41%] [32mBuilding CXX object CMakeFiles/person_msgs__rosidl_typesupport_fastrtps_cpp.dir/rosidl_typesupport_fastrtps_cpp/person_msgs/srv/detail/dds_fastrtps/query__type_support.cpp.o[0m
[6.365s] [35m[1mScanning dependencies of target person_msgs__rosidl_typesupport_c[0m
[6.382s] [ 43%] [32mBuilding CXX object CMakeFiles/person_msgs__rosidl_typesupport_c.dir/rosidl_typesupport_c/person_msgs/msg/person__type_support.cpp.o[0m
[6.431s] [ 46%] [32mBuilding CXX object CMakeFiles/person_msgs__rosidl_typesupport_c.dir/rosidl_typesupport_c/person_msgs/srv/query__type_support.cpp.o[0m
[6.478s] [ 48%] [32m[1mLinking CXX shared library libperson_msgs__rosidl_typesupport_c.so[0m
[6.490s] [35m[1mScanning dependencies of target person_msgs__rosidl_typesupport_introspection_c[0m
[6.510s] [ 51%] [32mBuilding C object CMakeFiles/person_msgs__rosidl_typesupport_introspection_c.dir/rosidl_typesupport_introspection_c/person_msgs/msg/detail/person__type_support.c.o[0m
[6.566s] [ 53%] [32mBuilding C object CMakeFiles/person_msgs__rosidl_typesupport_introspection_c.dir/rosidl_typesupport_introspection_c/person_msgs/srv/detail/query__type_support.c.o[0m
[6.596s] [ 53%] Built target person_msgs__rosidl_typesupport_c
[6.620s] [ 56%] [32m[1mLinking C shared library libperson_msgs__rosidl_typesupport_introspection_c.so[0m
[6.643s] [ 58%] [32m[1mLinking CXX shared library libperson_msgs__rosidl_typesupport_cpp.so[0m
[6.712s] [ 58%] Built target person_msgs__rosidl_typesupport_introspection_c
[6.743s] [ 61%] [32m[1mLinking CXX shared library libperson_msgs__rosidl_typesupport_introspection_cpp.so[0m
[6.750s] [ 61%] Built target person_msgs__rosidl_typesupport_cpp
[6.863s] [ 61%] Built target person_msgs__rosidl_typesupport_introspection_cpp
[6.935s] [ 64%] [32m[1mLinking CXX shared library libperson_msgs__rosidl_typesupport_fastrtps_cpp.so[0m
[7.058s] [ 64%] Built target person_msgs__rosidl_typesupport_fastrtps_cpp
[7.068s] [ 66%] [34m[1mGenerating C type support for eProsima Fast-RTPS[0m
[7.302s] [35m[1mScanning dependencies of target person_msgs__rosidl_typesupport_fastrtps_c[0m
[7.316s] [ 71%] [32mBuilding CXX object CMakeFiles/person_msgs__rosidl_typesupport_fastrtps_c.dir/rosidl_typesupport_fastrtps_c/person_msgs/msg/detail/person__type_support_c.cpp.o[0m
[7.316s] [ 71%] [32mBuilding CXX object CMakeFiles/person_msgs__rosidl_typesupport_fastrtps_c.dir/rosidl_typesupport_fastrtps_c/person_msgs/srv/detail/query__type_support_c.cpp.o[0m
[7.640s] [ 74%] [32m[1mLinking CXX shared library libperson_msgs__rosidl_typesupport_fastrtps_c.so[0m
[7.756s] [ 74%] Built target person_msgs__rosidl_typesupport_fastrtps_c
[7.776s] [ 74%] Built target person_msgs
[7.786s] [35m[1mScanning dependencies of target person_msgs__py[0m
[7.796s] [ 76%] [34m[1mGenerating Python code for ROS interfaces[0m
[8.225s] [ 76%] Built target person_msgs__py
[8.234s] [35m[1mScanning dependencies of target person_msgs__python[0m
[8.248s] [ 82%] [32mBuilding C object CMakeFiles/person_msgs__python.dir/rosidl_generator_py/person_msgs/srv/_query_s.c.o[0m
[8.249s] [ 82%] [32mBuilding C object CMakeFiles/person_msgs__python.dir/rosidl_generator_py/person_msgs/msg/_person_s.c.o[0m
[8.331s] [ 84%] [32m[1mLinking C shared library rosidl_generator_py/person_msgs/libperson_msgs__python.so[0m
[8.408s] [ 84%] Built target person_msgs__python
[8.420s] [35m[1mScanning dependencies of target person_msgs__rosidl_typesupport_c__pyext[0m
[8.420s] [35m[1mScanning dependencies of target person_msgs__rosidl_typesupport_fastrtps_c__pyext[0m
[8.420s] [35m[1mScanning dependencies of target person_msgs__rosidl_typesupport_introspection_c__pyext[0m
[8.435s] [ 87%] [32mBuilding C object CMakeFiles/person_msgs__rosidl_typesupport_fastrtps_c__pyext.dir/rosidl_generator_py/person_msgs/_person_msgs_s.ep.rosidl_typesupport_fastrtps_c.c.o[0m
[8.437s] [ 89%] [32mBuilding C object CMakeFiles/person_msgs__rosidl_typesupport_introspection_c__pyext.dir/rosidl_generator_py/person_msgs/_person_msgs_s.ep.rosidl_typesupport_introspection_c.c.o[0m
[8.437s] [ 92%] [32mBuilding C object CMakeFiles/person_msgs__rosidl_typesupport_c__pyext.dir/rosidl_generator_py/person_msgs/_person_msgs_s.ep.rosidl_typesupport_c.c.o[0m
[8.520s] [ 94%] [32m[1mLinking C shared library rosidl_generator_py/person_msgs/person_msgs_s__rosidl_typesupport_introspection_c.cpython-38-x86_64-linux-gnu.so[0m
[8.525s] [ 97%] [32m[1mLinking C shared library rosidl_generator_py/person_msgs/person_msgs_s__rosidl_typesupport_c.cpython-38-x86_64-linux-gnu.so[0m
[8.533s] [100%] [32m[1mLinking CXX shared library rosidl_generator_py/person_msgs/person_msgs_s__rosidl_typesupport_fastrtps_c.cpython-38-x86_64-linux-gnu.so[0m
[8.613s] [100%] Built target person_msgs__rosidl_typesupport_introspection_c__pyext
[8.617s] [100%] Built target person_msgs__rosidl_typesupport_c__pyext
[8.656s] [100%] Built target person_msgs__rosidl_typesupport_fastrtps_c__pyext
[8.668s] Invoked command in '/home/kobayashi/ros2_ws/build/person_msgs' returned '0': CMAKE_PREFIX_PATH=${CMAKE_PREFIX_PATH}:/home/kobayashi/ros2_ws/install/mypkg:/opt/ros/foxy /usr/bin/cmake --build /home/kobayashi/ros2_ws/build/person_msgs -- -j8 -l8
[8.739s] Invoking command in '/home/kobayashi/ros2_ws/build/person_msgs': CMAKE_PREFIX_PATH=${CMAKE_PREFIX_PATH}:/home/kobayashi/ros2_ws/install/mypkg:/opt/ros/foxy /usr/bin/cmake --install /home/kobayashi/ros2_ws/build/person_msgs
[8.746s] -- Install configuration: ""
[8.747s] -- Installing: /home/kobayashi/ros2_ws/install/person_msgs/share/ament_index/resource_index/rosidl_interfaces/person_msgs
[8.747s] -- Up-to-date: /home/kobayashi/ros2_ws/install/person_msgs/include/person_msgs
[8.747s] -- Installing: /home/kobayashi/ros2_ws/install/person_msgs/include/person_msgs/srv
[8.747s] -- Installing: /home/kobayashi/ros2_ws/install/person_msgs/include/person_msgs/srv/query.h
[8.747s] -- Installing: /home/kobayashi/ros2_ws/install/person_msgs/include/person_msgs/srv/detail
[8.748s] -- Installing: /home/kobayashi/ros2_ws/install/person_msgs/include/person_msgs/srv/detail/query__functions.c
[8.748s] -- Installing: /home/kobayashi/ros2_ws/install/person_msgs/include/person_msgs/srv/detail/query__type_support.h
[8.748s] -- Installing: /home/kobayashi/ros2_ws/install/person_msgs/include/person_msgs/srv/detail/query__functions.h
[8.749s] -- Installing: /home/kobayashi/ros2_ws/install/person_msgs/include/person_msgs/srv/detail/query__struct.h
[8.749s] -- Up-to-date: /home/kobayashi/ros2_ws/install/person_msgs/include/person_msgs/msg
[8.749s] -- Installing: /home/kobayashi/ros2_ws/install/person_msgs/include/person_msgs/msg/person.h
[8.749s] -- Up-to-date: /home/kobayashi/ros2_ws/install/person_msgs/include/person_msgs/msg/rosidl_generator_c__visibility_control.h
[8.750s] -- Up-to-date: /home/kobayashi/ros2_ws/install/person_msgs/include/person_msgs/msg/detail
[8.750s] -- Installing: /home/kobayashi/ros2_ws/install/person_msgs/include/person_msgs/msg/detail/person__functions.c
[8.750s] -- Installing: /home/kobayashi/ros2_ws/install/person_msgs/include/person_msgs/msg/detail/person__type_support.h
[8.750s] -- Installing: /home/kobayashi/ros2_ws/install/person_msgs/include/person_msgs/msg/detail/person__functions.h
[8.750s] -- Installing: /home/kobayashi/ros2_ws/install/person_msgs/include/person_msgs/msg/detail/person__struct.h
[8.750s] -- Up-to-date: /home/kobayashi/ros2_ws/install/person_msgs/share/person_msgs/environment/library_path.sh
[8.751s] -- Installing: /home/kobayashi/ros2_ws/install/person_msgs/share/person_msgs/environment/library_path.dsv
[8.751s] -- Installing: /home/kobayashi/ros2_ws/install/person_msgs/lib/libperson_msgs__rosidl_generator_c.so
[8.752s] -- Set runtime path of "/home/kobayashi/ros2_ws/install/person_msgs/lib/libperson_msgs__rosidl_generator_c.so" to ""
[8.752s] -- Up-to-date: /home/kobayashi/ros2_ws/install/person_msgs/include/person_msgs
[8.752s] -- Up-to-date: /home/kobayashi/ros2_ws/install/person_msgs/include/person_msgs/srv
[8.752s] -- Up-to-date: /home/kobayashi/ros2_ws/install/person_msgs/include/person_msgs/srv/detail
[8.752s] -- Installing: /home/kobayashi/ros2_ws/install/person_msgs/include/person_msgs/srv/detail/query__rosidl_typesupport_fastrtps_c.h
[8.753s] -- Up-to-date: /home/kobayashi/ros2_ws/install/person_msgs/include/person_msgs/msg
[8.753s] -- Up-to-date: /home/kobayashi/ros2_ws/install/person_msgs/include/person_msgs/msg/rosidl_typesupport_fastrtps_c__visibility_control.h
[8.753s] -- Up-to-date: /home/kobayashi/ros2_ws/install/person_msgs/include/person_msgs/msg/detail
[8.753s] -- Installing: /home/kobayashi/ros2_ws/install/person_msgs/include/person_msgs/msg/detail/person__rosidl_typesupport_fastrtps_c.h
[8.754s] -- Installing: /home/kobayashi/ros2_ws/install/person_msgs/lib/libperson_msgs__rosidl_typesupport_fastrtps_c.so
[8.754s] -- Set runtime path of "/home/kobayashi/ros2_ws/install/person_msgs/lib/libperson_msgs__rosidl_typesupport_fastrtps_c.so" to ""
[8.754s] -- Up-to-date: /home/kobayashi/ros2_ws/install/person_msgs/include/person_msgs
[8.754s] -- Up-to-date: /home/kobayashi/ros2_ws/install/person_msgs/include/person_msgs/srv
[8.755s] -- Up-to-date: /home/kobayashi/ros2_ws/install/person_msgs/include/person_msgs/srv/detail
[8.755s] -- Installing: /home/kobayashi/ros2_ws/install/person_msgs/include/person_msgs/srv/detail/dds_fastrtps
[8.755s] -- Installing: /home/kobayashi/ros2_ws/install/person_msgs/include/person_msgs/srv/detail/query__rosidl_typesupport_fastrtps_cpp.hpp
[8.756s] -- Up-to-date: /home/kobayashi/ros2_ws/install/person_msgs/include/person_msgs/msg
[8.756s] -- Up-to-date: /home/kobayashi/ros2_ws/install/person_msgs/include/person_msgs/msg/rosidl_typesupport_fastrtps_cpp__visibility_control.h
[8.756s] -- Up-to-date: /home/kobayashi/ros2_ws/install/person_msgs/include/person_msgs/msg/detail
[8.757s] -- Up-to-date: /home/kobayashi/ros2_ws/install/person_msgs/include/person_msgs/msg/detail/dds_fastrtps
[8.757s] -- Installing: /home/kobayashi/ros2_ws/install/person_msgs/include/person_msgs/msg/detail/person__rosidl_typesupport_fastrtps_cpp.hpp
[8.757s] -- Installing: /home/kobayashi/ros2_ws/install/person_msgs/lib/libperson_msgs__rosidl_typesupport_fastrtps_cpp.so
[8.757s] -- Set runtime path of "/home/kobayashi/ros2_ws/install/person_msgs/lib/libperson_msgs__rosidl_typesupport_fastrtps_cpp.so" to ""
[8.758s] -- Up-to-date: /home/kobayashi/ros2_ws/install/person_msgs/include/person_msgs
[8.758s] -- Up-to-date: /home/kobayashi/ros2_ws/install/person_msgs/include/person_msgs/srv
[8.758s] -- Up-to-date: /home/kobayashi/ros2_ws/install/person_msgs/include/person_msgs/srv/detail
[8.758s] -- Installing: /home/kobayashi/ros2_ws/install/person_msgs/include/person_msgs/srv/detail/query__type_support.c
[8.758s] -- Installing: /home/kobayashi/ros2_ws/install/person_msgs/include/person_msgs/srv/detail/query__rosidl_typesupport_introspection_c.h
[8.759s] -- Up-to-date: /home/kobayashi/ros2_ws/install/person_msgs/include/person_msgs/msg
[8.759s] -- Up-to-date: /home/kobayashi/ros2_ws/install/person_msgs/include/person_msgs/msg/rosidl_typesupport_introspection_c__visibility_control.h
[8.759s] -- Up-to-date: /home/kobayashi/ros2_ws/install/person_msgs/include/person_msgs/msg/detail
[8.759s] -- Installing: /home/kobayashi/ros2_ws/install/person_msgs/include/person_msgs/msg/detail/person__type_support.c
[8.760s] -- Installing: /home/kobayashi/ros2_ws/install/person_msgs/include/person_msgs/msg/detail/person__rosidl_typesupport_introspection_c.h
[8.760s] -- Installing: /home/kobayashi/ros2_ws/install/person_msgs/lib/libperson_msgs__rosidl_typesupport_introspection_c.so
[8.760s] -- Set runtime path of "/home/kobayashi/ros2_ws/install/person_msgs/lib/libperson_msgs__rosidl_typesupport_introspection_c.so" to ""
[8.760s] -- Installing: /home/kobayashi/ros2_ws/install/person_msgs/lib/libperson_msgs__rosidl_typesupport_c.so
[8.761s] -- Set runtime path of "/home/kobayashi/ros2_ws/install/person_msgs/lib/libperson_msgs__rosidl_typesupport_c.so" to ""
[8.761s] -- Up-to-date: /home/kobayashi/ros2_ws/install/person_msgs/include/person_msgs
[8.761s] -- Up-to-date: /home/kobayashi/ros2_ws/install/person_msgs/include/person_msgs/srv
[8.761s] -- Installing: /home/kobayashi/ros2_ws/install/person_msgs/include/person_msgs/srv/query.hpp
[8.761s] -- Up-to-date: /home/kobayashi/ros2_ws/install/person_msgs/include/person_msgs/srv/detail
[8.761s] -- Installing: /home/kobayashi/ros2_ws/install/person_msgs/include/person_msgs/srv/detail/query__builder.hpp
[8.761s] -- Installing: /home/kobayashi/ros2_ws/install/person_msgs/include/person_msgs/srv/detail/query__struct.hpp
[8.761s] -- Installing: /home/kobayashi/ros2_ws/install/person_msgs/include/person_msgs/srv/detail/query__traits.hpp
[8.761s] -- Installing: /home/kobayashi/ros2_ws/install/person_msgs/include/person_msgs/srv/detail/query__type_support.hpp
[8.761s] -- Up-to-date: /home/kobayashi/ros2_ws/install/person_msgs/include/person_msgs/msg
[8.761s] -- Installing: /home/kobayashi/ros2_ws/install/person_msgs/include/person_msgs/msg/person.hpp
[8.761s] -- Up-to-date: /home/kobayashi/ros2_ws/install/person_msgs/include/person_msgs/msg/rosidl_generator_cpp__visibility_control.hpp
[8.761s] -- Up-to-date: /home/kobayashi/ros2_ws/install/person_msgs/include/person_msgs/msg/detail
[8.762s] -- Installing: /home/kobayashi/ros2_ws/install/person_msgs/include/person_msgs/msg/detail/person__builder.hpp
[8.762s] -- Installing: /home/kobayashi/ros2_ws/install/person_msgs/include/person_msgs/msg/detail/person__type_support.hpp
[8.762s] -- Installing: /home/kobayashi/ros2_ws/install/person_msgs/include/person_msgs/msg/detail/person__traits.hpp
[8.762s] -- Installing: /home/kobayashi/ros2_ws/install/person_msgs/include/person_msgs/msg/detail/person__struct.hpp
[8.762s] -- Up-to-date: /home/kobayashi/ros2_ws/install/person_msgs/include/person_msgs
[8.762s] -- Up-to-date: /home/kobayashi/ros2_ws/install/person_msgs/include/person_msgs/srv
[8.762s] -- Up-to-date: /home/kobayashi/ros2_ws/install/person_msgs/include/person_msgs/srv/detail
[8.762s] -- Installing: /home/kobayashi/ros2_ws/install/person_msgs/include/person_msgs/srv/detail/query__type_support.cpp
[8.762s] -- Installing: /home/kobayashi/ros2_ws/install/person_msgs/include/person_msgs/srv/detail/query__rosidl_typesupport_introspection_cpp.hpp
[8.762s] -- Up-to-date: /home/kobayashi/ros2_ws/install/person_msgs/include/person_msgs/msg
[8.762s] -- Up-to-date: /home/kobayashi/ros2_ws/install/person_msgs/include/person_msgs/msg/detail
[8.762s] -- Installing: /home/kobayashi/ros2_ws/install/person_msgs/include/person_msgs/msg/detail/person__rosidl_typesupport_introspection_cpp.hpp
[8.762s] -- Installing: /home/kobayashi/ros2_ws/install/person_msgs/include/person_msgs/msg/detail/person__type_support.cpp
[8.762s] -- Installing: /home/kobayashi/ros2_ws/install/person_msgs/lib/libperson_msgs__rosidl_typesupport_introspection_cpp.so
[8.762s] -- Set runtime path of "/home/kobayashi/ros2_ws/install/person_msgs/lib/libperson_msgs__rosidl_typesupport_introspection_cpp.so" to ""
[8.763s] -- Installing: /home/kobayashi/ros2_ws/install/person_msgs/lib/libperson_msgs__rosidl_typesupport_cpp.so
[8.763s] -- Set runtime path of "/home/kobayashi/ros2_ws/install/person_msgs/lib/libperson_msgs__rosidl_typesupport_cpp.so" to ""
[8.763s] -- Up-to-date: /home/kobayashi/ros2_ws/install/person_msgs/share/person_msgs/environment/pythonpath.sh
[8.763s] -- Installing: /home/kobayashi/ros2_ws/install/person_msgs/share/person_msgs/environment/pythonpath.dsv
[8.763s] -- Installing: /home/kobayashi/ros2_ws/install/person_msgs/lib/python3.8/site-packages/person_msgs/__init__.py
[8.785s] Compiling '/home/kobayashi/ros2_ws/install/person_msgs/lib/python3.8/site-packages/person_msgs/__init__.py'...
[8.790s] -- Up-to-date: /home/kobayashi/ros2_ws/install/person_msgs/lib/python3.8/site-packages/person_msgs/msg
[8.790s] -- Installing: /home/kobayashi/ros2_ws/install/person_msgs/lib/python3.8/site-packages/person_msgs/msg/_person.py
[8.790s] -- Installing: /home/kobayashi/ros2_ws/install/person_msgs/lib/python3.8/site-packages/person_msgs/msg/_person_s.c
[8.790s] -- Installing: /home/kobayashi/ros2_ws/install/person_msgs/lib/python3.8/site-packages/person_msgs/msg/__init__.py
[8.790s] -- Installing: /home/kobayashi/ros2_ws/install/person_msgs/lib/python3.8/site-packages/person_msgs/srv
[8.791s] -- Installing: /home/kobayashi/ros2_ws/install/person_msgs/lib/python3.8/site-packages/person_msgs/srv/_query_s.c
[8.791s] -- Installing: /home/kobayashi/ros2_ws/install/person_msgs/lib/python3.8/site-packages/person_msgs/srv/_query.py
[8.791s] -- Installing: /home/kobayashi/ros2_ws/install/person_msgs/lib/python3.8/site-packages/person_msgs/srv/__init__.py
[8.791s] -- Installing: /home/kobayashi/ros2_ws/install/person_msgs/lib/python3.8/site-packages/person_msgs/person_msgs_s__rosidl_typesupport_fastrtps_c.cpython-38-x86_64-linux-gnu.so
[8.791s] -- Set runtime path of "/home/kobayashi/ros2_ws/install/person_msgs/lib/python3.8/site-packages/person_msgs/person_msgs_s__rosidl_typesupport_fastrtps_c.cpython-38-x86_64-linux-gnu.so" to ""
[8.792s] -- Installing: /home/kobayashi/ros2_ws/install/person_msgs/lib/python3.8/site-packages/person_msgs/person_msgs_s__rosidl_typesupport_introspection_c.cpython-38-x86_64-linux-gnu.so
[8.792s] -- Set runtime path of "/home/kobayashi/ros2_ws/install/person_msgs/lib/python3.8/site-packages/person_msgs/person_msgs_s__rosidl_typesupport_introspection_c.cpython-38-x86_64-linux-gnu.so" to ""
[8.792s] -- Installing: /home/kobayashi/ros2_ws/install/person_msgs/lib/python3.8/site-packages/person_msgs/person_msgs_s__rosidl_typesupport_c.cpython-38-x86_64-linux-gnu.so
[8.793s] -- Set runtime path of "/home/kobayashi/ros2_ws/install/person_msgs/lib/python3.8/site-packages/person_msgs/person_msgs_s__rosidl_typesupport_c.cpython-38-x86_64-linux-gnu.so" to ""
[8.793s] -- Installing: /home/kobayashi/ros2_ws/install/person_msgs/lib/libperson_msgs__python.so
[8.793s] -- Set runtime path of "/home/kobayashi/ros2_ws/install/person_msgs/lib/libperson_msgs__python.so" to ""
[8.794s] -- Up-to-date: /home/kobayashi/ros2_ws/install/person_msgs/share/person_msgs/msg/Person.idl
[8.794s] -- Installing: /home/kobayashi/ros2_ws/install/person_msgs/share/person_msgs/srv/Query.idl
[8.794s] -- Up-to-date: /home/kobayashi/ros2_ws/install/person_msgs/share/person_msgs/msg/Person.msg
[8.794s] -- Installing: /home/kobayashi/ros2_ws/install/person_msgs/share/person_msgs/srv/Query.srv
[8.794s] -- Installing: /home/kobayashi/ros2_ws/install/person_msgs/share/person_msgs/srv/Query_Request.msg
[8.795s] -- Installing: /home/kobayashi/ros2_ws/install/person_msgs/share/person_msgs/srv/Query_Response.msg
[8.795s] -- Up-to-date: /home/kobayashi/ros2_ws/install/person_msgs/share/ament_index/resource_index/package_run_dependencies/person_msgs
[8.796s] -- Installing: /home/kobayashi/ros2_ws/install/person_msgs/share/ament_index/resource_index/parent_prefix_path/person_msgs
[8.796s] -- Up-to-date: /home/kobayashi/ros2_ws/install/person_msgs/share/person_msgs/environment/ament_prefix_path.sh
[8.796s] -- Installing: /home/kobayashi/ros2_ws/install/person_msgs/share/person_msgs/environment/ament_prefix_path.dsv
[8.797s] -- Up-to-date: /home/kobayashi/ros2_ws/install/person_msgs/share/person_msgs/environment/path.sh
[8.797s] -- Installing: /home/kobayashi/ros2_ws/install/person_msgs/share/person_msgs/environment/path.dsv
[8.797s] -- Up-to-date: /home/kobayashi/ros2_ws/install/person_msgs/share/person_msgs/local_setup.bash
[8.798s] -- Up-to-date: /home/kobayashi/ros2_ws/install/person_msgs/share/person_msgs/local_setup.sh
[8.798s] -- Up-to-date: /home/kobayashi/ros2_ws/install/person_msgs/share/person_msgs/local_setup.zsh
[8.798s] -- Installing: /home/kobayashi/ros2_ws/install/person_msgs/share/person_msgs/local_setup.dsv
[8.798s] -- Installing: /home/kobayashi/ros2_ws/install/person_msgs/share/person_msgs/package.dsv
[8.798s] -- Up-to-date: /home/kobayashi/ros2_ws/install/person_msgs/share/ament_index/resource_index/packages/person_msgs
[8.799s] -- Up-to-date: /home/kobayashi/ros2_ws/install/person_msgs/share/person_msgs/cmake/person_msgs__rosidl_generator_cExport.cmake
[8.799s] -- Installing: /home/kobayashi/ros2_ws/install/person_msgs/share/person_msgs/cmake/person_msgs__rosidl_generator_cExport-noconfig.cmake
[8.799s] -- Up-to-date: /home/kobayashi/ros2_ws/install/person_msgs/share/person_msgs/cmake/person_msgs__rosidl_typesupport_introspection_cExport.cmake
[8.799s] -- Installing: /home/kobayashi/ros2_ws/install/person_msgs/share/person_msgs/cmake/person_msgs__rosidl_typesupport_introspection_cExport-noconfig.cmake
[8.800s] -- Up-to-date: /home/kobayashi/ros2_ws/install/person_msgs/share/person_msgs/cmake/person_msgs__rosidl_typesupport_cExport.cmake
[8.800s] -- Installing: /home/kobayashi/ros2_ws/install/person_msgs/share/person_msgs/cmake/person_msgs__rosidl_typesupport_cExport-noconfig.cmake
[8.800s] -- Up-to-date: /home/kobayashi/ros2_ws/install/person_msgs/share/person_msgs/cmake/person_msgs__rosidl_generator_cppExport.cmake
[8.800s] -- Up-to-date: /home/kobayashi/ros2_ws/install/person_msgs/share/person_msgs/cmake/person_msgs__rosidl_typesupport_introspection_cppExport.cmake
[8.800s] -- Installing: /home/kobayashi/ros2_ws/install/person_msgs/share/person_msgs/cmake/person_msgs__rosidl_typesupport_introspection_cppExport-noconfig.cmake
[8.801s] -- Up-to-date: /home/kobayashi/ros2_ws/install/person_msgs/share/person_msgs/cmake/person_msgs__rosidl_typesupport_cppExport.cmake
[8.801s] -- Installing: /home/kobayashi/ros2_ws/install/person_msgs/share/person_msgs/cmake/person_msgs__rosidl_typesupport_cppExport-noconfig.cmake
[8.802s] -- Installing: /home/kobayashi/ros2_ws/install/person_msgs/share/person_msgs/cmake/rosidl_cmake-extras.cmake
[8.802s] -- Up-to-date: /home/kobayashi/ros2_ws/install/person_msgs/share/person_msgs/cmake/ament_cmake_export_dependencies-extras.cmake
[8.802s] -- Up-to-date: /home/kobayashi/ros2_ws/install/person_msgs/share/person_msgs/cmake/ament_cmake_export_libraries-extras.cmake
[8.803s] -- Up-to-date: /home/kobayashi/ros2_ws/install/person_msgs/share/person_msgs/cmake/ament_cmake_export_targets-extras.cmake
[8.803s] -- Up-to-date: /home/kobayashi/ros2_ws/install/person_msgs/share/person_msgs/cmake/ament_cmake_export_include_directories-extras.cmake
[8.803s] -- Up-to-date: /home/kobayashi/ros2_ws/install/person_msgs/share/person_msgs/cmake/rosidl_cmake_export_typesupport_libraries-extras.cmake
[8.804s] -- Up-to-date: /home/kobayashi/ros2_ws/install/person_msgs/share/person_msgs/cmake/rosidl_cmake_export_typesupport_targets-extras.cmake
[8.804s] -- Up-to-date: /home/kobayashi/ros2_ws/install/person_msgs/share/person_msgs/cmake/person_msgsConfig.cmake
[8.804s] -- Up-to-date: /home/kobayashi/ros2_ws/install/person_msgs/share/person_msgs/cmake/person_msgsConfig-version.cmake
[8.804s] -- Up-to-date: /home/kobayashi/ros2_ws/install/person_msgs/share/person_msgs/package.xml
[8.805s] Invoked command in '/home/kobayashi/ros2_ws/build/person_msgs' returned '0': CMAKE_PREFIX_PATH=${CMAKE_PREFIX_PATH}:/home/kobayashi/ros2_ws/install/mypkg:/opt/ros/foxy /usr/bin/cmake --install /home/kobayashi/ros2_ws/build/person_msgs
