[6.891s] DEBUG:colcon:Command line arguments: ['/usr/bin/colcon', 'build']
[6.891s] DEBUG:colcon:Parsed command line arguments: Namespace(allow_overriding=[], ament_cmake_args=None, base_paths=['.'], build_base='build', catkin_cmake_args=None, catkin_skip_building_tests=False, cmake_args=None, cmake_clean_cache=False, cmake_clean_first=False, cmake_force_configure=False, cmake_target=None, cmake_target_skip_unavailable=False, continue_on_error=False, event_handlers=None, executor='parallel', ignore_user_meta=False, install_base='install', log_base=None, log_level=None, main=<bound method BuildVerb.main of <colcon_core.verb.build.BuildVerb object at 0x7f8dc2b59e50>>, merge_install=False, metas=['./colcon.meta'], packages_above=None, packages_above_and_dependencies=None, packages_above_depth=None, packages_end=None, packages_ignore=None, packages_ignore_regex=None, packages_select=None, packages_select_build_failed=False, packages_select_by_dep=None, packages_select_regex=None, packages_select_test_failures=False, packages_skip=None, packages_skip_build_finished=False, packages_skip_by_dep=None, packages_skip_regex=None, packages_skip_test_passed=False, packages_skip_up_to=None, packages_start=None, packages_up_to=None, packages_up_to_regex=None, parallel_workers=8, paths=None, symlink_install=False, test_result_base=None, verb_extension=<colcon_core.verb.build.BuildVerb object at 0x7f8dc2b59e50>, verb_name='build', verb_parser=<colcon_defaults.argument_parser.defaults.DefaultArgumentsDecorator object at 0x7f8dc2784f10>)
[7.198s] Level 1:colcon.colcon_core.package_discovery:discover_packages(colcon_meta) check parameters
[7.198s] Level 1:colcon.colcon_core.package_discovery:discover_packages(recursive) check parameters
[7.198s] Level 1:colcon.colcon_core.package_discovery:discover_packages(ignore) check parameters
[7.198s] Level 1:colcon.colcon_core.package_discovery:discover_packages(path) check parameters
[7.198s] Level 1:colcon.colcon_core.package_discovery:discover_packages(colcon_meta) discover
[7.198s] Level 1:colcon.colcon_core.package_discovery:discover_packages(recursive) discover
[7.198s] INFO:colcon.colcon_core.package_discovery:Crawling recursively for packages in '/home/kobayashi/ros2_ws'
[7.199s] Level 1:colcon.colcon_core.package_identification:_identify(.) by extensions ['ignore', 'ignore_ament_install']
[7.199s] Level 1:colcon.colcon_core.package_identification:_identify(.) by extension 'ignore'
[7.199s] Level 1:colcon.colcon_core.package_identification:_identify(.) by extension 'ignore_ament_install'
[7.199s] Level 1:colcon.colcon_core.package_identification:_identify(.) by extensions ['colcon_pkg']
[7.199s] Level 1:colcon.colcon_core.package_identification:_identify(.) by extension 'colcon_pkg'
[7.199s] Level 1:colcon.colcon_core.package_identification:_identify(.) by extensions ['colcon_meta']
[7.199s] Level 1:colcon.colcon_core.package_identification:_identify(.) by extension 'colcon_meta'
[7.199s] Level 1:colcon.colcon_core.package_identification:_identify(.) by extensions ['ros']
[7.200s] Level 1:colcon.colcon_core.package_identification:_identify(.) by extension 'ros'
[7.239s] Level 1:colcon.colcon_core.package_identification:_identify(.) by extensions ['cmake', 'python']
[7.239s] Level 1:colcon.colcon_core.package_identification:_identify(.) by extension 'cmake'
[7.240s] Level 1:colcon.colcon_core.package_identification:_identify(.) by extension 'python'
[7.241s] Level 1:colcon.colcon_core.package_identification:_identify(.) by extensions ['python_setup_py']
[7.241s] Level 1:colcon.colcon_core.package_identification:_identify(.) by extension 'python_setup_py'
[7.244s] Level 1:colcon.colcon_core.package_identification:_identify(build) by extensions ['ignore', 'ignore_ament_install']
[7.245s] Level 1:colcon.colcon_core.package_identification:_identify(build) by extension 'ignore'
[7.245s] Level 1:colcon.colcon_core.package_identification:_identify(build) ignored
[7.246s] Level 1:colcon.colcon_core.package_identification:_identify(install) by extensions ['ignore', 'ignore_ament_install']
[7.247s] Level 1:colcon.colcon_core.package_identification:_identify(install) by extension 'ignore'
[7.247s] Level 1:colcon.colcon_core.package_identification:_identify(install) ignored
[7.248s] Level 1:colcon.colcon_core.package_identification:_identify(log) by extensions ['ignore', 'ignore_ament_install']
[7.248s] Level 1:colcon.colcon_core.package_identification:_identify(log) by extension 'ignore'
[7.248s] Level 1:colcon.colcon_core.package_identification:_identify(log) ignored
[7.248s] Level 1:colcon.colcon_core.package_identification:_identify(src) by extensions ['ignore', 'ignore_ament_install']
[7.248s] Level 1:colcon.colcon_core.package_identification:_identify(src) by extension 'ignore'
[7.248s] Level 1:colcon.colcon_core.package_identification:_identify(src) by extension 'ignore_ament_install'
[7.248s] Level 1:colcon.colcon_core.package_identification:_identify(src) by extensions ['colcon_pkg']
[7.248s] Level 1:colcon.colcon_core.package_identification:_identify(src) by extension 'colcon_pkg'
[7.249s] Level 1:colcon.colcon_core.package_identification:_identify(src) by extensions ['colcon_meta']
[7.249s] Level 1:colcon.colcon_core.package_identification:_identify(src) by extension 'colcon_meta'
[7.249s] Level 1:colcon.colcon_core.package_identification:_identify(src) by extensions ['ros']
[7.250s] Level 1:colcon.colcon_core.package_identification:_identify(src) by extension 'ros'
[7.250s] Level 1:colcon.colcon_core.package_identification:_identify(src) by extensions ['cmake', 'python']
[7.250s] Level 1:colcon.colcon_core.package_identification:_identify(src) by extension 'cmake'
[7.250s] Level 1:colcon.colcon_core.package_identification:_identify(src) by extension 'python'
[7.250s] Level 1:colcon.colcon_core.package_identification:_identify(src) by extensions ['python_setup_py']
[7.250s] Level 1:colcon.colcon_core.package_identification:_identify(src) by extension 'python_setup_py'
[7.251s] Level 1:colcon.colcon_core.package_identification:_identify(src/mypkg) by extensions ['ignore', 'ignore_ament_install']
[7.251s] Level 1:colcon.colcon_core.package_identification:_identify(src/mypkg) by extension 'ignore'
[7.251s] Level 1:colcon.colcon_core.package_identification:_identify(src/mypkg) by extension 'ignore_ament_install'
[7.251s] Level 1:colcon.colcon_core.package_identification:_identify(src/mypkg) by extensions ['colcon_pkg']
[7.251s] Level 1:colcon.colcon_core.package_identification:_identify(src/mypkg) by extension 'colcon_pkg'
[7.251s] Level 1:colcon.colcon_core.package_identification:_identify(src/mypkg) by extensions ['colcon_meta']
[7.251s] Level 1:colcon.colcon_core.package_identification:_identify(src/mypkg) by extension 'colcon_meta'
[7.251s] Level 1:colcon.colcon_core.package_identification:_identify(src/mypkg) by extensions ['ros']
[7.251s] Level 1:colcon.colcon_core.package_identification:_identify(src/mypkg) by extension 'ros'
[7.260s] DEBUG:colcon.colcon_core.package_identification:Package 'src/mypkg' with type 'ros.ament_python' and name 'mypkg'
[7.260s] Level 1:colcon.colcon_core.package_discovery:discover_packages(recursive) using defaults
[7.260s] Level 1:colcon.colcon_core.package_discovery:discover_packages(ignore) discover
[7.260s] Level 1:colcon.colcon_core.package_discovery:discover_packages(ignore) using defaults
[7.260s] Level 1:colcon.colcon_core.package_discovery:discover_packages(path) discover
[7.261s] Level 1:colcon.colcon_core.package_discovery:discover_packages(path) using defaults
[8.083s] Level 1:colcon.colcon_core.package_discovery:discover_packages(prefix_path) check parameters
[8.083s] Level 1:colcon.colcon_core.package_discovery:discover_packages(prefix_path) discover
[8.420s] DEBUG:colcon.colcon_installed_package_information.package_discovery:Found 1 installed packages in /home/kobayashi/ros2_ws/install
[8.640s] DEBUG:colcon.colcon_installed_package_information.package_discovery:Found 256 installed packages in /opt/ros/foxy
[8.643s] Level 1:colcon.colcon_core.package_discovery:discover_packages(prefix_path) using defaults
[9.325s] Level 5:colcon.colcon_core.verb:set package 'mypkg' build argument 'cmake_args' from command line to 'None'
[9.325s] Level 5:colcon.colcon_core.verb:set package 'mypkg' build argument 'cmake_target' from command line to 'None'
[9.325s] Level 5:colcon.colcon_core.verb:set package 'mypkg' build argument 'cmake_target_skip_unavailable' from command line to 'False'
[9.325s] Level 5:colcon.colcon_core.verb:set package 'mypkg' build argument 'cmake_clean_cache' from command line to 'False'
[9.326s] Level 5:colcon.colcon_core.verb:set package 'mypkg' build argument 'cmake_clean_first' from command line to 'False'
[9.326s] Level 5:colcon.colcon_core.verb:set package 'mypkg' build argument 'cmake_force_configure' from command line to 'False'
[9.326s] Level 5:colcon.colcon_core.verb:set package 'mypkg' build argument 'ament_cmake_args' from command line to 'None'
[9.326s] Level 5:colcon.colcon_core.verb:set package 'mypkg' build argument 'catkin_cmake_args' from command line to 'None'
[9.326s] Level 5:colcon.colcon_core.verb:set package 'mypkg' build argument 'catkin_skip_building_tests' from command line to 'False'
[9.326s] DEBUG:colcon.colcon_core.verb:Building package 'mypkg' with the following arguments: {'ament_cmake_args': None, 'build_base': '/home/kobayashi/ros2_ws/build/mypkg', 'catkin_cmake_args': None, 'catkin_skip_building_tests': False, 'cmake_args': None, 'cmake_clean_cache': False, 'cmake_clean_first': False, 'cmake_force_configure': False, 'cmake_target': None, 'cmake_target_skip_unavailable': False, 'install_base': '/home/kobayashi/ros2_ws/install/mypkg', 'merge_install': False, 'path': '/home/kobayashi/ros2_ws/src/mypkg', 'symlink_install': False, 'test_result_base': None}
[9.482s] INFO:colcon.colcon_core.executor:Executing jobs using 'parallel' executor
[9.639s] DEBUG:colcon.colcon_parallel_executor.executor.parallel:run_until_complete
[9.640s] INFO:colcon.colcon_ros.task.ament_python.build:Building ROS package in '/home/kobayashi/ros2_ws/src/mypkg' with build type 'ament_python'
[9.640s] Level 1:colcon.colcon_core.shell:create_environment_hook('mypkg', 'ament_prefix_path')
[9.821s] INFO:colcon.colcon_core.plugin_system:Skipping extension 'colcon_core.shell.bat': Not used on non-Windows systems
[9.822s] INFO:colcon.colcon_core.shell:Creating environment hook '/home/kobayashi/ros2_ws/install/mypkg/share/mypkg/hook/ament_prefix_path.ps1'
[9.825s] INFO:colcon.colcon_core.shell:Creating environment descriptor '/home/kobayashi/ros2_ws/install/mypkg/share/mypkg/hook/ament_prefix_path.dsv'
[9.827s] INFO:colcon.colcon_core.shell:Creating environment hook '/home/kobayashi/ros2_ws/install/mypkg/share/mypkg/hook/ament_prefix_path.sh'
[10.007s] INFO:colcon.colcon_core.shell:Skip shell extension 'powershell' for command environment: Not usable outside of PowerShell
[10.007s] DEBUG:colcon.colcon_core.shell:Skip shell extension 'dsv' for command environment
[11.516s] INFO:colcon.colcon_core.task.python.build:Building Python package in '/home/kobayashi/ros2_ws/src/mypkg'
[11.731s] INFO:colcon.colcon_core.shell:Skip shell extension 'powershell' for command environment: Not usable outside of PowerShell
[11.733s] DEBUG:colcon.colcon_core.shell:Skip shell extension 'dsv' for command environment
[14.133s] DEBUG:colcon.colcon_core.event_handler.log_command:Invoking command in '/home/kobayashi/ros2_ws/src/mypkg': PYTHONPATH=/home/kobayashi/ros2_ws/build/mypkg/prefix_override:/home/kobayashi/ros2_ws/install/mypkg/lib/python3.8/site-packages:${PYTHONPATH} /usr/bin/python3 setup.py egg_info --egg-base ../../build/mypkg build --build-base /home/kobayashi/ros2_ws/build/mypkg/build install --record /home/kobayashi/ros2_ws/build/mypkg/install.log --install-scripts $base/lib/mypkg --single-version-externally-managed
[15.228s] DEBUG:colcon.colcon_core.event_handler.log_command:Invoked command in '/home/kobayashi/ros2_ws/src/mypkg' returned '0': PYTHONPATH=/home/kobayashi/ros2_ws/build/mypkg/prefix_override:/home/kobayashi/ros2_ws/install/mypkg/lib/python3.8/site-packages:${PYTHONPATH} /usr/bin/python3 setup.py egg_info --egg-base ../../build/mypkg build --build-base /home/kobayashi/ros2_ws/build/mypkg/build install --record /home/kobayashi/ros2_ws/build/mypkg/install.log --install-scripts $base/lib/mypkg --single-version-externally-managed
[15.421s] Level 1:colcon.colcon_core.environment:checking '/home/kobayashi/ros2_ws/install/mypkg' for CMake module files
[15.424s] Level 1:colcon.colcon_core.environment:checking '/home/kobayashi/ros2_ws/install/mypkg' for CMake config files
[15.427s] Level 1:colcon.colcon_core.environment:checking '/home/kobayashi/ros2_ws/install/mypkg/lib'
[15.429s] Level 1:colcon.colcon_core.environment:checking '/home/kobayashi/ros2_ws/install/mypkg/bin'
[15.430s] Level 1:colcon.colcon_core.environment:checking '/home/kobayashi/ros2_ws/install/mypkg/lib/pkgconfig/mypkg.pc'
[15.431s] Level 1:colcon.colcon_core.environment:checking '/home/kobayashi/ros2_ws/install/mypkg/lib/python3.8/site-packages'
[15.431s] Level 1:colcon.colcon_core.shell:create_environment_hook('mypkg', 'pythonpath')
[15.595s] INFO:colcon.colcon_core.shell:Creating environment hook '/home/kobayashi/ros2_ws/install/mypkg/share/mypkg/hook/pythonpath.ps1'
[15.597s] INFO:colcon.colcon_core.shell:Creating environment descriptor '/home/kobayashi/ros2_ws/install/mypkg/share/mypkg/hook/pythonpath.dsv'
[15.599s] INFO:colcon.colcon_core.shell:Creating environment hook '/home/kobayashi/ros2_ws/install/mypkg/share/mypkg/hook/pythonpath.sh'
[15.602s] Level 1:colcon.colcon_core.environment:checking '/home/kobayashi/ros2_ws/install/mypkg/bin'
[15.603s] Level 1:colcon.colcon_core.environment:create_environment_scripts_only(mypkg)
[15.781s] INFO:colcon.colcon_core.shell:Creating package script '/home/kobayashi/ros2_ws/install/mypkg/share/mypkg/package.ps1'
[15.782s] INFO:colcon.colcon_core.shell:Creating package descriptor '/home/kobayashi/ros2_ws/install/mypkg/share/mypkg/package.dsv'
[15.786s] INFO:colcon.colcon_core.shell:Creating package script '/home/kobayashi/ros2_ws/install/mypkg/share/mypkg/package.sh'
[15.793s] INFO:colcon.colcon_core.shell:Creating package script '/home/kobayashi/ros2_ws/install/mypkg/share/mypkg/package.bash'
[15.798s] INFO:colcon.colcon_core.shell:Creating package script '/home/kobayashi/ros2_ws/install/mypkg/share/mypkg/package.zsh'
[15.799s] Level 1:colcon.colcon_core.environment:create_file_with_runtime_dependencies(/home/kobayashi/ros2_ws/install/mypkg/share/colcon-core/packages/mypkg)
[15.801s] DEBUG:colcon.colcon_parallel_executor.executor.parallel:closing loop
[15.806s] DEBUG:colcon.colcon_parallel_executor.executor.parallel:loop closed
[15.808s] DEBUG:colcon.colcon_parallel_executor.executor.parallel:run_until_complete finished with '0'
[15.808s] DEBUG:colcon.colcon_core.event_reactor:joining thread
[16.135s] INFO:colcon.colcon_core.plugin_system:Skipping extension 'colcon_notification.desktop_notification.notify_send': Could not find 'notify-send'
[16.136s] INFO:colcon.colcon_core.plugin_system:Skipping extension 'colcon_notification.desktop_notification.terminal_notifier': Not used on non-Darwin systems
[16.137s] INFO:colcon.colcon_core.plugin_system:Skipping extension 'colcon_notification.desktop_notification.win32': Not used on non-Windows systems
[16.137s] INFO:colcon.colcon_notification.desktop_notification:Sending desktop notification using 'notify2'
[16.164s] DEBUG:colcon.colcon_notification.desktop_notification.notify2:Failed to initialize notify2: org.freedesktop.DBus.Error.ServiceUnknown: The name org.freedesktop.Notifications was not provided by any .service files
[16.165s] DEBUG:colcon.colcon_core.event_reactor:joined thread
[16.357s] INFO:colcon.colcon_core.shell:Creating prefix script '/home/kobayashi/ros2_ws/install/local_setup.ps1'
[16.361s] INFO:colcon.colcon_core.shell:Creating prefix util module '/home/kobayashi/ros2_ws/install/_local_setup_util_ps1.py'
[16.369s] INFO:colcon.colcon_core.shell:Creating prefix chain script '/home/kobayashi/ros2_ws/install/setup.ps1'
[16.622s] INFO:colcon.colcon_core.shell:Creating prefix script '/home/kobayashi/ros2_ws/install/local_setup.sh'
[16.628s] INFO:colcon.colcon_core.shell:Creating prefix util module '/home/kobayashi/ros2_ws/install/_local_setup_util_sh.py'
[16.632s] INFO:colcon.colcon_core.shell:Creating prefix chain script '/home/kobayashi/ros2_ws/install/setup.sh'
[16.819s] INFO:colcon.colcon_core.shell:Creating prefix script '/home/kobayashi/ros2_ws/install/local_setup.bash'
[16.823s] INFO:colcon.colcon_core.shell:Creating prefix chain script '/home/kobayashi/ros2_ws/install/setup.bash'
[16.985s] INFO:colcon.colcon_core.shell:Creating prefix script '/home/kobayashi/ros2_ws/install/local_setup.zsh'
[16.987s] INFO:colcon.colcon_core.shell:Creating prefix chain script '/home/kobayashi/ros2_ws/install/setup.zsh'
