[1.166s] Invoking command in '/home/kobayashi/ros2_ws/src/mypkg': PYTHONPATH=/home/kobayashi/ros2_ws/build/mypkg/prefix_override:/home/kobayashi/ros2_ws/install/mypkg/lib/python3.8/site-packages:${PYTHONPATH} /usr/bin/python3 setup.py egg_info --egg-base ../../build/mypkg build --build-base /home/kobayashi/ros2_ws/build/mypkg/build install --record /home/kobayashi/ros2_ws/build/mypkg/install.log --install-scripts $base/lib/mypkg --single-version-externally-managed
[1.365s] running egg_info
[1.366s] writing ../../build/mypkg/mypkg.egg-info/PKG-INFO
[1.366s] writing dependency_links to ../../build/mypkg/mypkg.egg-info/dependency_links.txt
[1.367s] writing entry points to ../../build/mypkg/mypkg.egg-info/entry_points.txt
[1.368s] writing requirements to ../../build/mypkg/mypkg.egg-info/requires.txt
[1.369s] writing top-level names to ../../build/mypkg/mypkg.egg-info/top_level.txt
[1.401s] reading manifest file '../../build/mypkg/mypkg.egg-info/SOURCES.txt'
[1.404s] writing manifest file '../../build/mypkg/mypkg.egg-info/SOURCES.txt'
[1.404s] running build
[1.404s] running build_py
[1.404s] running install
[1.404s] running install_lib
[1.407s] running install_data
[1.407s] running install_egg_info
[1.408s] removing '/home/kobayashi/ros2_ws/install/mypkg/lib/python3.8/site-packages/mypkg-0.0.0-py3.8.egg-info' (and everything under it)
[1.410s] Copying ../../build/mypkg/mypkg.egg-info to /home/kobayashi/ros2_ws/install/mypkg/lib/python3.8/site-packages/mypkg-0.0.0-py3.8.egg-info
[1.411s] running install_scripts
[1.418s] Installing listener script to /home/kobayashi/ros2_ws/install/mypkg/lib/mypkg
[1.420s] Installing talker script to /home/kobayashi/ros2_ws/install/mypkg/lib/mypkg
[1.424s] writing list of installed files to '/home/kobayashi/ros2_ws/build/mypkg/install.log'
[1.455s] Invoked command in '/home/kobayashi/ros2_ws/src/mypkg' returned '0': PYTHONPATH=/home/kobayashi/ros2_ws/build/mypkg/prefix_override:/home/kobayashi/ros2_ws/install/mypkg/lib/python3.8/site-packages:${PYTHONPATH} /usr/bin/python3 setup.py egg_info --egg-base ../../build/mypkg build --build-base /home/kobayashi/ros2_ws/build/mypkg/build install --record /home/kobayashi/ros2_ws/build/mypkg/install.log --install-scripts $base/lib/mypkg --single-version-externally-managed
