[1.138s] Invoking command in '/home/kobayashi/ros2_ws/src/mypkg': PYTHONPATH=/home/kobayashi/ros2_ws/build/mypkg/prefix_override:/home/kobayashi/ros2_ws/install/mypkg/lib/python3.8/site-packages:${PYTHONPATH} /usr/bin/python3 setup.py egg_info --egg-base ../../build/mypkg build --build-base /home/kobayashi/ros2_ws/build/mypkg/build install --record /home/kobayashi/ros2_ws/build/mypkg/install.log --install-scripts $base/lib/mypkg --single-version-externally-managed
[1.326s] running egg_info
[1.327s] writing ../../build/mypkg/mypkg.egg-info/PKG-INFO
[1.328s] writing dependency_links to ../../build/mypkg/mypkg.egg-info/dependency_links.txt
[1.329s] writing entry points to ../../build/mypkg/mypkg.egg-info/entry_points.txt
[1.329s] writing requirements to ../../build/mypkg/mypkg.egg-info/requires.txt
[1.329s] writing top-level names to ../../build/mypkg/mypkg.egg-info/top_level.txt
[1.357s] reading manifest file '../../build/mypkg/mypkg.egg-info/SOURCES.txt'
[1.358s] writing manifest file '../../build/mypkg/mypkg.egg-info/SOURCES.txt'
[1.358s] running build
[1.359s] running build_py
[1.359s] copying mypkg/talker.py -> /home/kobayashi/ros2_ws/build/mypkg/build/lib/mypkg
[1.360s] running install
[1.361s] running install_lib
[1.362s] copying /home/kobayashi/ros2_ws/build/mypkg/build/lib/mypkg/talker.py -> /home/kobayashi/ros2_ws/install/mypkg/lib/python3.8/site-packages/mypkg
[1.362s] byte-compiling /home/kobayashi/ros2_ws/install/mypkg/lib/python3.8/site-packages/mypkg/talker.py to talker.cpython-38.pyc
[1.364s] running install_data
[1.364s] running install_egg_info
[1.365s] removing '/home/kobayashi/ros2_ws/install/mypkg/lib/python3.8/site-packages/mypkg-0.0.0-py3.8.egg-info' (and everything under it)
[1.367s] Copying ../../build/mypkg/mypkg.egg-info to /home/kobayashi/ros2_ws/install/mypkg/lib/python3.8/site-packages/mypkg-0.0.0-py3.8.egg-info
[1.368s] running install_scripts
[1.385s] Installing listener script to /home/kobayashi/ros2_ws/install/mypkg/lib/mypkg
[1.386s] Installing talker script to /home/kobayashi/ros2_ws/install/mypkg/lib/mypkg
[1.387s] writing list of installed files to '/home/kobayashi/ros2_ws/build/mypkg/install.log'
[1.407s] Invoked command in '/home/kobayashi/ros2_ws/src/mypkg' returned '0': PYTHONPATH=/home/kobayashi/ros2_ws/build/mypkg/prefix_override:/home/kobayashi/ros2_ws/install/mypkg/lib/python3.8/site-packages:${PYTHONPATH} /usr/bin/python3 setup.py egg_info --egg-base ../../build/mypkg build --build-base /home/kobayashi/ros2_ws/build/mypkg/build install --record /home/kobayashi/ros2_ws/build/mypkg/install.log --install-scripts $base/lib/mypkg --single-version-externally-managed
