[1.244s] Invoking command in '/home/kobayashi/ros2_ws/src/mypkg': PYTHONPATH=/home/kobayashi/ros2_ws/build/mypkg/prefix_override:/home/kobayashi/ros2_ws/install/mypkg/lib/python3.8/site-packages:${PYTHONPATH} /usr/bin/python3 setup.py egg_info --egg-base ../../build/mypkg build --build-base /home/kobayashi/ros2_ws/build/mypkg/build install --record /home/kobayashi/ros2_ws/build/mypkg/install.log --install-scripts $base/lib/mypkg --single-version-externally-managed
[1.506s] running egg_info
[1.506s] writing ../../build/mypkg/mypkg.egg-info/PKG-INFO
[1.507s] writing dependency_links to ../../build/mypkg/mypkg.egg-info/dependency_links.txt
[1.507s] writing entry points to ../../build/mypkg/mypkg.egg-info/entry_points.txt
[1.507s] writing requirements to ../../build/mypkg/mypkg.egg-info/requires.txt
[1.508s] writing top-level names to ../../build/mypkg/mypkg.egg-info/top_level.txt
[1.553s] reading manifest file '../../build/mypkg/mypkg.egg-info/SOURCES.txt'
[1.555s] writing manifest file '../../build/mypkg/mypkg.egg-info/SOURCES.txt'
[1.555s] running build
[1.555s] running build_py
[1.556s] running install
[1.557s] running install_lib
[1.559s] running install_data
[1.559s] running install_egg_info
[1.562s] removing '/home/kobayashi/ros2_ws/install/mypkg/lib/python3.8/site-packages/mypkg-0.0.0-py3.8.egg-info' (and everything under it)
[1.562s] Copying ../../build/mypkg/mypkg.egg-info to /home/kobayashi/ros2_ws/install/mypkg/lib/python3.8/site-packages/mypkg-0.0.0-py3.8.egg-info
[1.564s] running install_scripts
[1.586s] Installing listener script to /home/kobayashi/ros2_ws/install/mypkg/lib/mypkg
[1.587s] Installing talker script to /home/kobayashi/ros2_ws/install/mypkg/lib/mypkg
[1.587s] writing list of installed files to '/home/kobayashi/ros2_ws/build/mypkg/install.log'
[1.615s] Invoked command in '/home/kobayashi/ros2_ws/src/mypkg' returned '0': PYTHONPATH=/home/kobayashi/ros2_ws/build/mypkg/prefix_override:/home/kobayashi/ros2_ws/install/mypkg/lib/python3.8/site-packages:${PYTHONPATH} /usr/bin/python3 setup.py egg_info --egg-base ../../build/mypkg build --build-base /home/kobayashi/ros2_ws/build/mypkg/build install --record /home/kobayashi/ros2_ws/build/mypkg/install.log --install-scripts $base/lib/mypkg --single-version-externally-managed
