[0.444s] Invoking command in '/home/kobayashi/ros2_ws/build/person_msgs': CMAKE_PREFIX_PATH=${CMAKE_PREFIX_PATH}:/home/kobayashi/ros2_ws/install/mypkg:/opt/ros/foxy /usr/bin/cmake --build /home/kobayashi/ros2_ws/build/person_msgs -- -j8 -l8
[0.496s] [  9%] Built target person_msgs__cpp
[0.497s] [ 12%] Built target person_msgs__rosidl_generator_c
[0.517s] [ 22%] Built target person_msgs__rosidl_typesupport_c
[0.520s] [ 32%] Built target person_msgs__rosidl_typesupport_introspection_cpp
[0.522s] [ 41%] Built target person_msgs__rosidl_typesupport_introspection_c
[0.538s] [ 51%] Built target person_msgs__rosidl_typesupport_cpp
[0.541s] [ 61%] Built target person_msgs__rosidl_typesupport_fastrtps_cpp
[0.563s] [ 70%] Built target person_msgs__rosidl_typesupport_fastrtps_c
[0.580s] [ 70%] Built target person_msgs
[0.600s] [ 74%] Built target person_msgs__py
[0.623s] [ 80%] Built target person_msgs__python
[0.651s] [ 87%] Built target person_msgs__rosidl_typesupport_introspection_c__pyext
[0.653s] [ 93%] Built target person_msgs__rosidl_typesupport_fastrtps_c__pyext
[0.654s] [100%] Built target person_msgs__rosidl_typesupport_c__pyext
[0.667s] Invoked command in '/home/kobayashi/ros2_ws/build/person_msgs' returned '0': CMAKE_PREFIX_PATH=${CMAKE_PREFIX_PATH}:/home/kobayashi/ros2_ws/install/mypkg:/opt/ros/foxy /usr/bin/cmake --build /home/kobayashi/ros2_ws/build/person_msgs -- -j8 -l8
[0.729s] Invoking command in '/home/kobayashi/ros2_ws/build/person_msgs': CMAKE_PREFIX_PATH=${CMAKE_PREFIX_PATH}:/home/kobayashi/ros2_ws/install/mypkg:/opt/ros/foxy /usr/bin/cmake --install /home/kobayashi/ros2_ws/build/person_msgs
[0.737s] -- Install configuration: ""
[0.737s] -- Up-to-date: /home/kobayashi/ros2_ws/install/person_msgs/share/ament_index/resource_index/rosidl_interfaces/person_msgs
[0.737s] -- Up-to-date: /home/kobayashi/ros2_ws/install/person_msgs/include/person_msgs
[0.738s] -- Up-to-date: /home/kobayashi/ros2_ws/install/person_msgs/include/person_msgs/msg
[0.738s] -- Up-to-date: /home/kobayashi/ros2_ws/install/person_msgs/include/person_msgs/msg/person.h
[0.738s] -- Up-to-date: /home/kobayashi/ros2_ws/install/person_msgs/include/person_msgs/msg/rosidl_generator_c__visibility_control.h
[0.738s] -- Up-to-date: /home/kobayashi/ros2_ws/install/person_msgs/include/person_msgs/msg/detail
[0.738s] -- Up-to-date: /home/kobayashi/ros2_ws/install/person_msgs/include/person_msgs/msg/detail/person__functions.c
[0.739s] -- Up-to-date: /home/kobayashi/ros2_ws/install/person_msgs/include/person_msgs/msg/detail/person__type_support.h
[0.739s] -- Up-to-date: /home/kobayashi/ros2_ws/install/person_msgs/include/person_msgs/msg/detail/person__functions.h
[0.739s] -- Up-to-date: /home/kobayashi/ros2_ws/install/person_msgs/include/person_msgs/msg/detail/person__struct.h
[0.739s] -- Up-to-date: /home/kobayashi/ros2_ws/install/person_msgs/share/person_msgs/environment/library_path.sh
[0.740s] -- Up-to-date: /home/kobayashi/ros2_ws/install/person_msgs/share/person_msgs/environment/library_path.dsv
[0.740s] -- Up-to-date: /home/kobayashi/ros2_ws/install/person_msgs/lib/libperson_msgs__rosidl_generator_c.so
[0.741s] -- Up-to-date: /home/kobayashi/ros2_ws/install/person_msgs/include/person_msgs
[0.741s] -- Up-to-date: /home/kobayashi/ros2_ws/install/person_msgs/include/person_msgs/msg
[0.741s] -- Up-to-date: /home/kobayashi/ros2_ws/install/person_msgs/include/person_msgs/msg/rosidl_typesupport_fastrtps_c__visibility_control.h
[0.741s] -- Up-to-date: /home/kobayashi/ros2_ws/install/person_msgs/include/person_msgs/msg/detail
[0.742s] -- Up-to-date: /home/kobayashi/ros2_ws/install/person_msgs/include/person_msgs/msg/detail/person__rosidl_typesupport_fastrtps_c.h
[0.742s] -- Up-to-date: /home/kobayashi/ros2_ws/install/person_msgs/lib/libperson_msgs__rosidl_typesupport_fastrtps_c.so
[0.742s] -- Up-to-date: /home/kobayashi/ros2_ws/install/person_msgs/include/person_msgs
[0.742s] -- Up-to-date: /home/kobayashi/ros2_ws/install/person_msgs/include/person_msgs/msg
[0.743s] -- Up-to-date: /home/kobayashi/ros2_ws/install/person_msgs/include/person_msgs/msg/rosidl_typesupport_fastrtps_cpp__visibility_control.h
[0.743s] -- Up-to-date: /home/kobayashi/ros2_ws/install/person_msgs/include/person_msgs/msg/detail
[0.743s] -- Up-to-date: /home/kobayashi/ros2_ws/install/person_msgs/include/person_msgs/msg/detail/dds_fastrtps
[0.743s] -- Up-to-date: /home/kobayashi/ros2_ws/install/person_msgs/include/person_msgs/msg/detail/person__rosidl_typesupport_fastrtps_cpp.hpp
[0.743s] -- Up-to-date: /home/kobayashi/ros2_ws/install/person_msgs/lib/libperson_msgs__rosidl_typesupport_fastrtps_cpp.so
[0.743s] -- Up-to-date: /home/kobayashi/ros2_ws/install/person_msgs/include/person_msgs
[0.743s] -- Up-to-date: /home/kobayashi/ros2_ws/install/person_msgs/include/person_msgs/msg
[0.743s] -- Up-to-date: /home/kobayashi/ros2_ws/install/person_msgs/include/person_msgs/msg/rosidl_typesupport_introspection_c__visibility_control.h
[0.743s] -- Up-to-date: /home/kobayashi/ros2_ws/install/person_msgs/include/person_msgs/msg/detail
[0.744s] -- Up-to-date: /home/kobayashi/ros2_ws/install/person_msgs/include/person_msgs/msg/detail/person__type_support.c
[0.744s] -- Up-to-date: /home/kobayashi/ros2_ws/install/person_msgs/include/person_msgs/msg/detail/person__rosidl_typesupport_introspection_c.h
[0.744s] -- Up-to-date: /home/kobayashi/ros2_ws/install/person_msgs/lib/libperson_msgs__rosidl_typesupport_introspection_c.so
[0.744s] -- Up-to-date: /home/kobayashi/ros2_ws/install/person_msgs/lib/libperson_msgs__rosidl_typesupport_c.so
[0.744s] -- Up-to-date: /home/kobayashi/ros2_ws/install/person_msgs/include/person_msgs
[0.744s] -- Up-to-date: /home/kobayashi/ros2_ws/install/person_msgs/include/person_msgs/msg
[0.744s] -- Up-to-date: /home/kobayashi/ros2_ws/install/person_msgs/include/person_msgs/msg/person.hpp
[0.744s] -- Up-to-date: /home/kobayashi/ros2_ws/install/person_msgs/include/person_msgs/msg/rosidl_generator_cpp__visibility_control.hpp
[0.744s] -- Up-to-date: /home/kobayashi/ros2_ws/install/person_msgs/include/person_msgs/msg/detail
[0.744s] -- Up-to-date: /home/kobayashi/ros2_ws/install/person_msgs/include/person_msgs/msg/detail/person__builder.hpp
[0.744s] -- Up-to-date: /home/kobayashi/ros2_ws/install/person_msgs/include/person_msgs/msg/detail/person__type_support.hpp
[0.744s] -- Up-to-date: /home/kobayashi/ros2_ws/install/person_msgs/include/person_msgs/msg/detail/person__traits.hpp
[0.744s] -- Up-to-date: /home/kobayashi/ros2_ws/install/person_msgs/include/person_msgs/msg/detail/person__struct.hpp
[0.745s] -- Up-to-date: /home/kobayashi/ros2_ws/install/person_msgs/include/person_msgs
[0.745s] -- Up-to-date: /home/kobayashi/ros2_ws/install/person_msgs/include/person_msgs/msg
[0.745s] -- Up-to-date: /home/kobayashi/ros2_ws/install/person_msgs/include/person_msgs/msg/detail
[0.745s] -- Up-to-date: /home/kobayashi/ros2_ws/install/person_msgs/include/person_msgs/msg/detail/person__rosidl_typesupport_introspection_cpp.hpp
[0.745s] -- Up-to-date: /home/kobayashi/ros2_ws/install/person_msgs/include/person_msgs/msg/detail/person__type_support.cpp
[0.745s] -- Up-to-date: /home/kobayashi/ros2_ws/install/person_msgs/lib/libperson_msgs__rosidl_typesupport_introspection_cpp.so
[0.745s] -- Up-to-date: /home/kobayashi/ros2_ws/install/person_msgs/lib/libperson_msgs__rosidl_typesupport_cpp.so
[0.745s] -- Up-to-date: /home/kobayashi/ros2_ws/install/person_msgs/share/person_msgs/environment/pythonpath.sh
[0.745s] -- Up-to-date: /home/kobayashi/ros2_ws/install/person_msgs/share/person_msgs/environment/pythonpath.dsv
[0.745s] -- Up-to-date: /home/kobayashi/ros2_ws/install/person_msgs/lib/python3.8/site-packages/person_msgs/__init__.py
[0.774s] -- Up-to-date: /home/kobayashi/ros2_ws/install/person_msgs/lib/python3.8/site-packages/person_msgs/msg
[0.775s] -- Up-to-date: /home/kobayashi/ros2_ws/install/person_msgs/lib/python3.8/site-packages/person_msgs/msg/_person.py
[0.775s] -- Up-to-date: /home/kobayashi/ros2_ws/install/person_msgs/lib/python3.8/site-packages/person_msgs/msg/_person_s.c
[0.775s] -- Up-to-date: /home/kobayashi/ros2_ws/install/person_msgs/lib/python3.8/site-packages/person_msgs/msg/__init__.py
[0.775s] -- Up-to-date: /home/kobayashi/ros2_ws/install/person_msgs/lib/python3.8/site-packages/person_msgs/person_msgs_s__rosidl_typesupport_fastrtps_c.cpython-38-x86_64-linux-gnu.so
[0.775s] -- Up-to-date: /home/kobayashi/ros2_ws/install/person_msgs/lib/python3.8/site-packages/person_msgs/person_msgs_s__rosidl_typesupport_introspection_c.cpython-38-x86_64-linux-gnu.so
[0.776s] -- Up-to-date: /home/kobayashi/ros2_ws/install/person_msgs/lib/python3.8/site-packages/person_msgs/person_msgs_s__rosidl_typesupport_c.cpython-38-x86_64-linux-gnu.so
[0.777s] -- Up-to-date: /home/kobayashi/ros2_ws/install/person_msgs/lib/libperson_msgs__python.so
[0.777s] -- Up-to-date: /home/kobayashi/ros2_ws/install/person_msgs/share/person_msgs/msg/Person.idl
[0.777s] -- Up-to-date: /home/kobayashi/ros2_ws/install/person_msgs/share/person_msgs/msg/Person.msg
[0.777s] -- Up-to-date: /home/kobayashi/ros2_ws/install/person_msgs/share/ament_index/resource_index/package_run_dependencies/person_msgs
[0.778s] -- Up-to-date: /home/kobayashi/ros2_ws/install/person_msgs/share/ament_index/resource_index/parent_prefix_path/person_msgs
[0.778s] -- Up-to-date: /home/kobayashi/ros2_ws/install/person_msgs/share/person_msgs/environment/ament_prefix_path.sh
[0.778s] -- Up-to-date: /home/kobayashi/ros2_ws/install/person_msgs/share/person_msgs/environment/ament_prefix_path.dsv
[0.778s] -- Up-to-date: /home/kobayashi/ros2_ws/install/person_msgs/share/person_msgs/environment/path.sh
[0.778s] -- Up-to-date: /home/kobayashi/ros2_ws/install/person_msgs/share/person_msgs/environment/path.dsv
[0.779s] -- Up-to-date: /home/kobayashi/ros2_ws/install/person_msgs/share/person_msgs/local_setup.bash
[0.779s] -- Up-to-date: /home/kobayashi/ros2_ws/install/person_msgs/share/person_msgs/local_setup.sh
[0.779s] -- Up-to-date: /home/kobayashi/ros2_ws/install/person_msgs/share/person_msgs/local_setup.zsh
[0.779s] -- Up-to-date: /home/kobayashi/ros2_ws/install/person_msgs/share/person_msgs/local_setup.dsv
[0.779s] -- Installing: /home/kobayashi/ros2_ws/install/person_msgs/share/person_msgs/package.dsv
[0.780s] -- Up-to-date: /home/kobayashi/ros2_ws/install/person_msgs/share/ament_index/resource_index/packages/person_msgs
[0.780s] -- Up-to-date: /home/kobayashi/ros2_ws/install/person_msgs/share/person_msgs/cmake/person_msgs__rosidl_generator_cExport.cmake
[0.780s] -- Up-to-date: /home/kobayashi/ros2_ws/install/person_msgs/share/person_msgs/cmake/person_msgs__rosidl_generator_cExport-noconfig.cmake
[0.780s] -- Up-to-date: /home/kobayashi/ros2_ws/install/person_msgs/share/person_msgs/cmake/person_msgs__rosidl_typesupport_introspection_cExport.cmake
[0.781s] -- Up-to-date: /home/kobayashi/ros2_ws/install/person_msgs/share/person_msgs/cmake/person_msgs__rosidl_typesupport_introspection_cExport-noconfig.cmake
[0.781s] -- Up-to-date: /home/kobayashi/ros2_ws/install/person_msgs/share/person_msgs/cmake/person_msgs__rosidl_typesupport_cExport.cmake
[0.781s] -- Up-to-date: /home/kobayashi/ros2_ws/install/person_msgs/share/person_msgs/cmake/person_msgs__rosidl_typesupport_cExport-noconfig.cmake
[0.782s] -- Up-to-date: /home/kobayashi/ros2_ws/install/person_msgs/share/person_msgs/cmake/person_msgs__rosidl_generator_cppExport.cmake
[0.782s] -- Up-to-date: /home/kobayashi/ros2_ws/install/person_msgs/share/person_msgs/cmake/person_msgs__rosidl_typesupport_introspection_cppExport.cmake
[0.782s] -- Up-to-date: /home/kobayashi/ros2_ws/install/person_msgs/share/person_msgs/cmake/person_msgs__rosidl_typesupport_introspection_cppExport-noconfig.cmake
[0.782s] -- Up-to-date: /home/kobayashi/ros2_ws/install/person_msgs/share/person_msgs/cmake/person_msgs__rosidl_typesupport_cppExport.cmake
[0.782s] -- Up-to-date: /home/kobayashi/ros2_ws/install/person_msgs/share/person_msgs/cmake/person_msgs__rosidl_typesupport_cppExport-noconfig.cmake
[0.783s] -- Up-to-date: /home/kobayashi/ros2_ws/install/person_msgs/share/person_msgs/cmake/rosidl_cmake-extras.cmake
[0.783s] -- Up-to-date: /home/kobayashi/ros2_ws/install/person_msgs/share/person_msgs/cmake/ament_cmake_export_dependencies-extras.cmake
[0.783s] -- Up-to-date: /home/kobayashi/ros2_ws/install/person_msgs/share/person_msgs/cmake/ament_cmake_export_libraries-extras.cmake
[0.784s] -- Up-to-date: /home/kobayashi/ros2_ws/install/person_msgs/share/person_msgs/cmake/ament_cmake_export_targets-extras.cmake
[0.785s] -- Up-to-date: /home/kobayashi/ros2_ws/install/person_msgs/share/person_msgs/cmake/ament_cmake_export_include_directories-extras.cmake
[0.787s] -- Up-to-date: /home/kobayashi/ros2_ws/install/person_msgs/share/person_msgs/cmake/rosidl_cmake_export_typesupport_libraries-extras.cmake
[0.787s] -- Up-to-date: /home/kobayashi/ros2_ws/install/person_msgs/share/person_msgs/cmake/rosidl_cmake_export_typesupport_targets-extras.cmake
[0.787s] -- Up-to-date: /home/kobayashi/ros2_ws/install/person_msgs/share/person_msgs/cmake/person_msgsConfig.cmake
[0.787s] -- Up-to-date: /home/kobayashi/ros2_ws/install/person_msgs/share/person_msgs/cmake/person_msgsConfig-version.cmake
[0.787s] -- Up-to-date: /home/kobayashi/ros2_ws/install/person_msgs/share/person_msgs/package.xml
[0.787s] Invoked command in '/home/kobayashi/ros2_ws/build/person_msgs' returned '0': CMAKE_PREFIX_PATH=${CMAKE_PREFIX_PATH}:/home/kobayashi/ros2_ws/install/mypkg:/opt/ros/foxy /usr/bin/cmake --install /home/kobayashi/ros2_ws/build/person_msgs
