[0.517s] Invoking command in '/home/kobayashi/ros2_ws/build/person_msgs': CMAKE_PREFIX_PATH=/home/kobayashi/ros2_ws/install/mypkg:/opt/ros/foxy /usr/bin/cmake /home/kobayashi/ros2_ws/src/person_msgs -DCMAKE_INSTALL_PREFIX=/home/kobayashi/ros2_ws/install/person_msgs
[0.978s] -- The C compiler identification is GNU 9.4.0
[1.326s] -- The CXX compiler identification is GNU 9.4.0
[1.442s] -- Check for working C compiler: /usr/bin/cc
[1.590s] -- Check for working C compiler: /usr/bin/cc -- works
[1.594s] -- Detecting C compiler ABI info
[1.716s] -- Detecting C compiler ABI info - done
[1.726s] -- Detecting C compile features
[1.727s] -- Detecting C compile features - done
[1.732s] -- Check for working CXX compiler: /usr/bin/c++
[1.874s] -- Check for working CXX compiler: /usr/bin/c++ -- works
[1.875s] -- Detecting CXX compiler ABI info
[2.002s] -- Detecting CXX compiler ABI info - done
[2.013s] -- Detecting CXX compile features
[2.014s] -- Detecting CXX compile features - done
[2.026s] -- Found ament_cmake: 0.9.12 (/opt/ros/foxy/share/ament_cmake/cmake)
[2.060s] -- Found PythonInterp: /usr/bin/python3 (found suitable version "3.8.10", minimum required is "3") 
[2.060s] -- Using PYTHON_EXECUTABLE: /usr/bin/python3
[2.277s] -- Found rosidl_default_generators: 1.0.1 (/opt/ros/foxy/share/rosidl_default_generators/cmake)
[2.285s] -- Using all available rosidl_typesupport_c: rosidl_typesupport_fastrtps_c;rosidl_typesupport_introspection_c
[2.296s] -- Found rosidl_adapter: 1.3.1 (/opt/ros/foxy/share/rosidl_adapter/cmake)
[3.172s] -- Found OpenSSL: /usr/lib/x86_64-linux-gnu/libcrypto.so (found version "1.1.1f")  
[3.869s] -- Found FastRTPS: /opt/ros/foxy/include  
[5.151s] -- Using all available rosidl_typesupport_cpp: rosidl_typesupport_fastrtps_cpp;rosidl_typesupport_introspection_cpp
[5.209s] -- Found PythonInterp: /usr/bin/python3 (found version "3.8.10") 
[5.373s] CMake Error at /opt/ros/foxy/share/rosidl_adapter/cmake/rosidl_adapt_interfaces.cmake:60 (message):
[5.373s]   execute_process(/usr/bin/python3 -m rosidl_adapter --package-name
[5.373s]   person_msgs --arguments-file
[5.373s]   /home/kobayashi/ros2_ws/build/person_msgs/rosidl_adapter__arguments__person_msgs.json
[5.374s]   --output-dir
[5.374s]   /home/kobayashi/ros2_ws/build/person_msgs/rosidl_adapter/person_msgs
[5.374s]   --output-file
[5.374s]   /home/kobayashi/ros2_ws/build/person_msgs/rosidl_adapter/person_msgs.idls)
[5.374s]   returned error code 1:
[5.374s] 
[5.374s]   Error processing 'string Kobayashi' of 'person_msgs/Person': ''Kobayashi'
[5.374s]   is an invalid field name.  It should have the pattern
[5.374s]   '^(?!.*__)(?!.*_$)[a-z][a-z0-9_]*$''
[5.375s] 
[5.375s]   Traceback (most recent call last):
[5.375s] 
[5.375s]     File "/usr/lib/python3.8/runpy.py", line 194, in _run_module_as_main
[5.375s]       return _run_code(code, main_globals, None,
[5.375s]     File "/usr/lib/python3.8/runpy.py", line 87, in _run_code
[5.375s]       exec(code, run_globals)
[5.375s]     File "/opt/ros/foxy/lib/python3.8/site-packages/rosidl_adapter/__main__.py", line 19, in <module>
[5.375s]       sys.exit(main())
[5.376s]     File "/opt/ros/foxy/lib/python3.8/site-packages/rosidl_adapter/main.py", line 53, in main
[5.376s]       abs_idl_file = convert_to_idl(
[5.376s]     File "/opt/ros/foxy/lib/python3.8/site-packages/rosidl_adapter/__init__.py", line 19, in convert_to_idl
[5.376s]       return convert_msg_to_idl(
[5.376s]     File "/opt/ros/foxy/lib/python3.8/site-packages/rosidl_adapter/msg/__init__.py", line 28, in convert_msg_to_idl
[5.376s]       msg = parse_message_string(package_name, input_file.stem, content)
[5.376s]     File "/opt/ros/foxy/lib/python3.8/site-packages/rosidl_adapter/parser.py", line 515, in parse_message_string
[5.376s]       fields.append(Field(
[5.376s]     File "/opt/ros/foxy/lib/python3.8/site-packages/rosidl_adapter/parser.py", line 353, in __init__
[5.376s]       raise NameError(
[5.376s] 
[5.376s]   NameError: 'Kobayashi' is an invalid field name.  It should have the
[5.376s]   pattern '^(?!.*__)(?!.*_$)[a-z][a-z0-9_]*$'
[5.376s] 
[5.376s] Call Stack (most recent call first):
[5.377s]   /opt/ros/foxy/share/rosidl_cmake/cmake/rosidl_generate_interfaces.cmake:130 (rosidl_adapt_interfaces)
[5.377s]   CMakeLists.txt:21 (rosidl_generate_interfaces)
[5.377s] 
[5.377s] 
[5.377s] -- Configuring incomplete, errors occurred!
[5.377s] See also "/home/kobayashi/ros2_ws/build/person_msgs/CMakeFiles/CMakeOutput.log".
[5.382s] Invoked command in '/home/kobayashi/ros2_ws/build/person_msgs' returned '1': CMAKE_PREFIX_PATH=/home/kobayashi/ros2_ws/install/mypkg:/opt/ros/foxy /usr/bin/cmake /home/kobayashi/ros2_ws/src/person_msgs -DCMAKE_INSTALL_PREFIX=/home/kobayashi/ros2_ws/install/person_msgs
