[1.165s] Invoking command in '/home/kobayashi/ros2_ws/src/mypkg': PYTHONPATH=/home/kobayashi/ros2_ws/build/mypkg/prefix_override:/home/kobayashi/ros2_ws/install/mypkg/lib/python3.8/site-packages:${PYTHONPATH} /usr/bin/python3 setup.py egg_info --egg-base ../../build/mypkg build --build-base /home/kobayashi/ros2_ws/build/mypkg/build install --record /home/kobayashi/ros2_ws/build/mypkg/install.log --install-scripts $base/lib/mypkg --single-version-externally-managed
[1.356s] running egg_info
[1.357s] writing ../../build/mypkg/mypkg.egg-info/PKG-INFO
[1.357s] writing dependency_links to ../../build/mypkg/mypkg.egg-info/dependency_links.txt
[1.357s] writing entry points to ../../build/mypkg/mypkg.egg-info/entry_points.txt
[1.357s] writing requirements to ../../build/mypkg/mypkg.egg-info/requires.txt
[1.357s] writing top-level names to ../../build/mypkg/mypkg.egg-info/top_level.txt
[1.383s] reading manifest file '../../build/mypkg/mypkg.egg-info/SOURCES.txt'
[1.386s] writing manifest file '../../build/mypkg/mypkg.egg-info/SOURCES.txt'
[1.387s] running build
[1.387s] running build_py
[1.388s] copying mypkg/talker.py -> /home/kobayashi/ros2_ws/build/mypkg/build/lib/mypkg
[1.389s] copying mypkg/listener.py -> /home/kobayashi/ros2_ws/build/mypkg/build/lib/mypkg
[1.394s] running install
[1.395s] running install_lib
[1.395s] copying /home/kobayashi/ros2_ws/build/mypkg/build/lib/mypkg/talker.py -> /home/kobayashi/ros2_ws/install/mypkg/lib/python3.8/site-packages/mypkg
[1.395s] copying /home/kobayashi/ros2_ws/build/mypkg/build/lib/mypkg/listener.py -> /home/kobayashi/ros2_ws/install/mypkg/lib/python3.8/site-packages/mypkg
[1.395s] byte-compiling /home/kobayashi/ros2_ws/install/mypkg/lib/python3.8/site-packages/mypkg/talker.py to talker.cpython-38.pyc
[1.396s] byte-compiling /home/kobayashi/ros2_ws/install/mypkg/lib/python3.8/site-packages/mypkg/listener.py to listener.cpython-38.pyc
[1.396s] running install_data
[1.398s] running install_egg_info
[1.398s] removing '/home/kobayashi/ros2_ws/install/mypkg/lib/python3.8/site-packages/mypkg-0.0.0-py3.8.egg-info' (and everything under it)
[1.398s] Copying ../../build/mypkg/mypkg.egg-info to /home/kobayashi/ros2_ws/install/mypkg/lib/python3.8/site-packages/mypkg-0.0.0-py3.8.egg-info
[1.399s] running install_scripts
[1.416s] Installing listener script to /home/kobayashi/ros2_ws/install/mypkg/lib/mypkg
[1.417s] Installing talker script to /home/kobayashi/ros2_ws/install/mypkg/lib/mypkg
[1.418s] writing list of installed files to '/home/kobayashi/ros2_ws/build/mypkg/install.log'
[1.449s] Invoked command in '/home/kobayashi/ros2_ws/src/mypkg' returned '0': PYTHONPATH=/home/kobayashi/ros2_ws/build/mypkg/prefix_override:/home/kobayashi/ros2_ws/install/mypkg/lib/python3.8/site-packages:${PYTHONPATH} /usr/bin/python3 setup.py egg_info --egg-base ../../build/mypkg build --build-base /home/kobayashi/ros2_ws/build/mypkg/build install --record /home/kobayashi/ros2_ws/build/mypkg/install.log --install-scripts $base/lib/mypkg --single-version-externally-managed
