[0.986s] Invoking command in '/home/kobayashi/ros2_ws/src/mypkg': PYTHONPATH=/home/kobayashi/ros2_ws/build/mypkg/prefix_override:/home/kobayashi/ros2_ws/install/mypkg/lib/python3.8/site-packages:${PYTHONPATH} /usr/bin/python3 setup.py egg_info --egg-base ../../build/mypkg build --build-base /home/kobayashi/ros2_ws/build/mypkg/build install --record /home/kobayashi/ros2_ws/build/mypkg/install.log --install-scripts $base/lib/mypkg --single-version-externally-managed
[1.248s] running egg_info
[1.249s] writing ../../build/mypkg/mypkg.egg-info/PKG-INFO
[1.250s] writing dependency_links to ../../build/mypkg/mypkg.egg-info/dependency_links.txt
[1.250s] writing entry points to ../../build/mypkg/mypkg.egg-info/entry_points.txt
[1.250s] writing requirements to ../../build/mypkg/mypkg.egg-info/requires.txt
[1.251s] writing top-level names to ../../build/mypkg/mypkg.egg-info/top_level.txt
[1.315s] reading manifest file '../../build/mypkg/mypkg.egg-info/SOURCES.txt'
[1.317s] writing manifest file '../../build/mypkg/mypkg.egg-info/SOURCES.txt'
[1.317s] running build
[1.317s] running build_py
[1.318s] running install
[1.319s] running install_lib
[1.322s] running install_data
[1.323s] running install_egg_info
[1.326s] removing '/home/kobayashi/ros2_ws/install/mypkg/lib/python3.8/site-packages/mypkg-0.0.0-py3.8.egg-info' (and everything under it)
[1.327s] Copying ../../build/mypkg/mypkg.egg-info to /home/kobayashi/ros2_ws/install/mypkg/lib/python3.8/site-packages/mypkg-0.0.0-py3.8.egg-info
[1.329s] running install_scripts
[1.362s] Installing listener script to /home/kobayashi/ros2_ws/install/mypkg/lib/mypkg
[1.363s] Installing talker script to /home/kobayashi/ros2_ws/install/mypkg/lib/mypkg
[1.363s] writing list of installed files to '/home/kobayashi/ros2_ws/build/mypkg/install.log'
[1.409s] Invoked command in '/home/kobayashi/ros2_ws/src/mypkg' returned '0': PYTHONPATH=/home/kobayashi/ros2_ws/build/mypkg/prefix_override:/home/kobayashi/ros2_ws/install/mypkg/lib/python3.8/site-packages:${PYTHONPATH} /usr/bin/python3 setup.py egg_info --egg-base ../../build/mypkg build --build-base /home/kobayashi/ros2_ws/build/mypkg/build install --record /home/kobayashi/ros2_ws/build/mypkg/install.log --install-scripts $base/lib/mypkg --single-version-externally-managed
