[0.458s] Invoking command in '/home/kobayashi/ros2_ws/build/person_msgs': CMAKE_PREFIX_PATH=/home/kobayashi/ros2_ws/install/mypkg:/opt/ros/foxy /usr/bin/cmake /home/kobayashi/ros2_ws/src/person_msgs -DCMAKE_INSTALL_PREFIX=/home/kobayashi/ros2_ws/install/person_msgs
[0.471s] -- Found ament_cmake: 0.9.12 (/opt/ros/foxy/share/ament_cmake/cmake)
[0.494s] -- Found PythonInterp: /usr/bin/python3 (found suitable version "3.8.10", minimum required is "3") 
[0.494s] -- Using PYTHON_EXECUTABLE: /usr/bin/python3
[0.664s] -- Found rosidl_default_generators: 1.0.1 (/opt/ros/foxy/share/rosidl_default_generators/cmake)
[0.666s] -- Using all available rosidl_typesupport_c: rosidl_typesupport_fastrtps_c;rosidl_typesupport_introspection_c
[0.669s] -- Found rosidl_adapter: 1.3.1 (/opt/ros/foxy/share/rosidl_adapter/cmake)
[3.246s] -- Using all available rosidl_typesupport_cpp: rosidl_typesupport_fastrtps_cpp;rosidl_typesupport_introspection_cpp
[3.285s] -- Found PythonInterp: /usr/bin/python3 (found version "3.8.10") 
[3.371s] CMake Error at /opt/ros/foxy/share/rosidl_adapter/cmake/rosidl_adapt_interfaces.cmake:60 (message):
[3.371s]   execute_process(/usr/bin/python3 -m rosidl_adapter --package-name
[3.372s]   person_msgs --arguments-file
[3.372s]   /home/kobayashi/ros2_ws/build/person_msgs/rosidl_adapter__arguments__person_msgs.json
[3.372s]   --output-dir
[3.372s]   /home/kobayashi/ros2_ws/build/person_msgs/rosidl_adapter/person_msgs
[3.372s]   --output-file
[3.372s]   /home/kobayashi/ros2_ws/build/person_msgs/rosidl_adapter/person_msgs.idls)
[3.372s]   returned error code 1:
[3.372s] 
[3.372s]   Error processing 'uint8 22' of 'person_msgs/Person': ''22' is an invalid
[3.372s]   field name.  It should have the pattern
[3.372s]   '^(?!.*__)(?!.*_$)[a-z][a-z0-9_]*$''
[3.372s] 
[3.372s]   Traceback (most recent call last):
[3.372s] 
[3.372s]     File "/usr/lib/python3.8/runpy.py", line 194, in _run_module_as_main
[3.373s]       return _run_code(code, main_globals, None,
[3.373s]     File "/usr/lib/python3.8/runpy.py", line 87, in _run_code
[3.373s]       exec(code, run_globals)
[3.373s]     File "/opt/ros/foxy/lib/python3.8/site-packages/rosidl_adapter/__main__.py", line 19, in <module>
[3.373s]       sys.exit(main())
[3.373s]     File "/opt/ros/foxy/lib/python3.8/site-packages/rosidl_adapter/main.py", line 53, in main
[3.373s]       abs_idl_file = convert_to_idl(
[3.373s]     File "/opt/ros/foxy/lib/python3.8/site-packages/rosidl_adapter/__init__.py", line 19, in convert_to_idl
[3.373s]       return convert_msg_to_idl(
[3.373s]     File "/opt/ros/foxy/lib/python3.8/site-packages/rosidl_adapter/msg/__init__.py", line 28, in convert_msg_to_idl
[3.373s]       msg = parse_message_string(package_name, input_file.stem, content)
[3.373s]     File "/opt/ros/foxy/lib/python3.8/site-packages/rosidl_adapter/parser.py", line 515, in parse_message_string
[3.373s]       fields.append(Field(
[3.373s]     File "/opt/ros/foxy/lib/python3.8/site-packages/rosidl_adapter/parser.py", line 353, in __init__
[3.373s]       raise NameError(
[3.373s] 
[3.374s]   NameError: '22' is an invalid field name.  It should have the pattern
[3.374s]   '^(?!.*__)(?!.*_$)[a-z][a-z0-9_]*$'
[3.374s] 
[3.374s] Call Stack (most recent call first):
[3.374s]   /opt/ros/foxy/share/rosidl_cmake/cmake/rosidl_generate_interfaces.cmake:130 (rosidl_adapt_interfaces)
[3.374s]   CMakeLists.txt:21 (rosidl_generate_interfaces)
[3.374s] 
[3.374s] 
[3.374s] -- Configuring incomplete, errors occurred!
[3.374s] See also "/home/kobayashi/ros2_ws/build/person_msgs/CMakeFiles/CMakeOutput.log".
[3.379s] Invoked command in '/home/kobayashi/ros2_ws/build/person_msgs' returned '1': CMAKE_PREFIX_PATH=/home/kobayashi/ros2_ws/install/mypkg:/opt/ros/foxy /usr/bin/cmake /home/kobayashi/ros2_ws/src/person_msgs -DCMAKE_INSTALL_PREFIX=/home/kobayashi/ros2_ws/install/person_msgs
