[0.462s] Invoking command in '/home/kobayashi/ros2_ws/build/person_msgs': CMAKE_PREFIX_PATH=${CMAKE_PREFIX_PATH}:/home/kobayashi/ros2_ws/install/mypkg:/opt/ros/foxy /usr/bin/cmake --build /home/kobayashi/ros2_ws/build/person_msgs -- -j8 -l8
[0.516s] [  7%] Built target person_msgs__cpp
[0.516s] [ 12%] Built target person_msgs__rosidl_generator_c
[0.541s] [ 23%] Built target person_msgs__rosidl_typesupport_cpp
[0.543s] [ 33%] Built target person_msgs__rosidl_typesupport_c
[0.545s] [ 43%] Built target person_msgs__rosidl_typesupport_introspection_cpp
[0.546s] [ 53%] Built target person_msgs__rosidl_typesupport_introspection_c
[0.547s] [ 64%] Built target person_msgs__rosidl_typesupport_fastrtps_cpp
[0.569s] [ 74%] Built target person_msgs__rosidl_typesupport_fastrtps_c
[0.589s] [ 74%] Built target person_msgs
[0.612s] [ 76%] Built target person_msgs__py
[0.636s] [ 84%] Built target person_msgs__python
[0.666s] [ 89%] Built target person_msgs__rosidl_typesupport_fastrtps_c__pyext
[0.668s] [100%] Built target person_msgs__rosidl_typesupport_c__pyext
[0.668s] [100%] Built target person_msgs__rosidl_typesupport_introspection_c__pyext
[0.682s] Invoked command in '/home/kobayashi/ros2_ws/build/person_msgs' returned '0': CMAKE_PREFIX_PATH=${CMAKE_PREFIX_PATH}:/home/kobayashi/ros2_ws/install/mypkg:/opt/ros/foxy /usr/bin/cmake --build /home/kobayashi/ros2_ws/build/person_msgs -- -j8 -l8
[0.763s] Invoking command in '/home/kobayashi/ros2_ws/build/person_msgs': CMAKE_PREFIX_PATH=${CMAKE_PREFIX_PATH}:/home/kobayashi/ros2_ws/install/mypkg:/opt/ros/foxy /usr/bin/cmake --install /home/kobayashi/ros2_ws/build/person_msgs
[0.771s] -- Install configuration: ""
[0.772s] -- Up-to-date: /home/kobayashi/ros2_ws/install/person_msgs/share/ament_index/resource_index/rosidl_interfaces/person_msgs
[0.772s] -- Up-to-date: /home/kobayashi/ros2_ws/install/person_msgs/include/person_msgs
[0.772s] -- Up-to-date: /home/kobayashi/ros2_ws/install/person_msgs/include/person_msgs/srv
[0.773s] -- Up-to-date: /home/kobayashi/ros2_ws/install/person_msgs/include/person_msgs/srv/query.h
[0.773s] -- Up-to-date: /home/kobayashi/ros2_ws/install/person_msgs/include/person_msgs/srv/detail
[0.773s] -- Up-to-date: /home/kobayashi/ros2_ws/install/person_msgs/include/person_msgs/srv/detail/query__functions.c
[0.774s] -- Up-to-date: /home/kobayashi/ros2_ws/install/person_msgs/include/person_msgs/srv/detail/query__type_support.h
[0.774s] -- Up-to-date: /home/kobayashi/ros2_ws/install/person_msgs/include/person_msgs/srv/detail/query__functions.h
[0.775s] -- Up-to-date: /home/kobayashi/ros2_ws/install/person_msgs/include/person_msgs/srv/detail/query__struct.h
[0.775s] -- Up-to-date: /home/kobayashi/ros2_ws/install/person_msgs/include/person_msgs/msg
[0.775s] -- Up-to-date: /home/kobayashi/ros2_ws/install/person_msgs/include/person_msgs/msg/person.h
[0.775s] -- Up-to-date: /home/kobayashi/ros2_ws/install/person_msgs/include/person_msgs/msg/rosidl_generator_c__visibility_control.h
[0.775s] -- Up-to-date: /home/kobayashi/ros2_ws/install/person_msgs/include/person_msgs/msg/detail
[0.776s] -- Up-to-date: /home/kobayashi/ros2_ws/install/person_msgs/include/person_msgs/msg/detail/person__functions.c
[0.776s] -- Up-to-date: /home/kobayashi/ros2_ws/install/person_msgs/include/person_msgs/msg/detail/person__type_support.h
[0.777s] -- Up-to-date: /home/kobayashi/ros2_ws/install/person_msgs/include/person_msgs/msg/detail/person__functions.h
[0.777s] -- Up-to-date: /home/kobayashi/ros2_ws/install/person_msgs/include/person_msgs/msg/detail/person__struct.h
[0.777s] -- Up-to-date: /home/kobayashi/ros2_ws/install/person_msgs/share/person_msgs/environment/library_path.sh
[0.778s] -- Up-to-date: /home/kobayashi/ros2_ws/install/person_msgs/share/person_msgs/environment/library_path.dsv
[0.778s] -- Up-to-date: /home/kobayashi/ros2_ws/install/person_msgs/lib/libperson_msgs__rosidl_generator_c.so
[0.778s] -- Up-to-date: /home/kobayashi/ros2_ws/install/person_msgs/include/person_msgs
[0.778s] -- Up-to-date: /home/kobayashi/ros2_ws/install/person_msgs/include/person_msgs/srv
[0.779s] -- Up-to-date: /home/kobayashi/ros2_ws/install/person_msgs/include/person_msgs/srv/detail
[0.779s] -- Up-to-date: /home/kobayashi/ros2_ws/install/person_msgs/include/person_msgs/srv/detail/query__rosidl_typesupport_fastrtps_c.h
[0.779s] -- Up-to-date: /home/kobayashi/ros2_ws/install/person_msgs/include/person_msgs/msg
[0.779s] -- Up-to-date: /home/kobayashi/ros2_ws/install/person_msgs/include/person_msgs/msg/rosidl_typesupport_fastrtps_c__visibility_control.h
[0.779s] -- Up-to-date: /home/kobayashi/ros2_ws/install/person_msgs/include/person_msgs/msg/detail
[0.779s] -- Up-to-date: /home/kobayashi/ros2_ws/install/person_msgs/include/person_msgs/msg/detail/person__rosidl_typesupport_fastrtps_c.h
[0.779s] -- Up-to-date: /home/kobayashi/ros2_ws/install/person_msgs/lib/libperson_msgs__rosidl_typesupport_fastrtps_c.so
[0.779s] -- Up-to-date: /home/kobayashi/ros2_ws/install/person_msgs/include/person_msgs
[0.780s] -- Up-to-date: /home/kobayashi/ros2_ws/install/person_msgs/include/person_msgs/srv
[0.780s] -- Up-to-date: /home/kobayashi/ros2_ws/install/person_msgs/include/person_msgs/srv/detail
[0.780s] -- Up-to-date: /home/kobayashi/ros2_ws/install/person_msgs/include/person_msgs/srv/detail/dds_fastrtps
[0.780s] -- Up-to-date: /home/kobayashi/ros2_ws/install/person_msgs/include/person_msgs/srv/detail/query__rosidl_typesupport_fastrtps_cpp.hpp
[0.780s] -- Up-to-date: /home/kobayashi/ros2_ws/install/person_msgs/include/person_msgs/msg
[0.780s] -- Up-to-date: /home/kobayashi/ros2_ws/install/person_msgs/include/person_msgs/msg/rosidl_typesupport_fastrtps_cpp__visibility_control.h
[0.780s] -- Up-to-date: /home/kobayashi/ros2_ws/install/person_msgs/include/person_msgs/msg/detail
[0.780s] -- Up-to-date: /home/kobayashi/ros2_ws/install/person_msgs/include/person_msgs/msg/detail/dds_fastrtps
[0.780s] -- Up-to-date: /home/kobayashi/ros2_ws/install/person_msgs/include/person_msgs/msg/detail/person__rosidl_typesupport_fastrtps_cpp.hpp
[0.780s] -- Up-to-date: /home/kobayashi/ros2_ws/install/person_msgs/lib/libperson_msgs__rosidl_typesupport_fastrtps_cpp.so
[0.780s] -- Up-to-date: /home/kobayashi/ros2_ws/install/person_msgs/include/person_msgs
[0.780s] -- Up-to-date: /home/kobayashi/ros2_ws/install/person_msgs/include/person_msgs/srv
[0.780s] -- Up-to-date: /home/kobayashi/ros2_ws/install/person_msgs/include/person_msgs/srv/detail
[0.780s] -- Up-to-date: /home/kobayashi/ros2_ws/install/person_msgs/include/person_msgs/srv/detail/query__type_support.c
[0.781s] -- Up-to-date: /home/kobayashi/ros2_ws/install/person_msgs/include/person_msgs/srv/detail/query__rosidl_typesupport_introspection_c.h
[0.781s] -- Up-to-date: /home/kobayashi/ros2_ws/install/person_msgs/include/person_msgs/msg
[0.781s] -- Up-to-date: /home/kobayashi/ros2_ws/install/person_msgs/include/person_msgs/msg/rosidl_typesupport_introspection_c__visibility_control.h
[0.781s] -- Up-to-date: /home/kobayashi/ros2_ws/install/person_msgs/include/person_msgs/msg/detail
[0.781s] -- Up-to-date: /home/kobayashi/ros2_ws/install/person_msgs/include/person_msgs/msg/detail/person__type_support.c
[0.781s] -- Up-to-date: /home/kobayashi/ros2_ws/install/person_msgs/include/person_msgs/msg/detail/person__rosidl_typesupport_introspection_c.h
[0.781s] -- Up-to-date: /home/kobayashi/ros2_ws/install/person_msgs/lib/libperson_msgs__rosidl_typesupport_introspection_c.so
[0.781s] -- Up-to-date: /home/kobayashi/ros2_ws/install/person_msgs/lib/libperson_msgs__rosidl_typesupport_c.so
[0.781s] -- Up-to-date: /home/kobayashi/ros2_ws/install/person_msgs/include/person_msgs
[0.781s] -- Up-to-date: /home/kobayashi/ros2_ws/install/person_msgs/include/person_msgs/srv
[0.781s] -- Up-to-date: /home/kobayashi/ros2_ws/install/person_msgs/include/person_msgs/srv/query.hpp
[0.781s] -- Up-to-date: /home/kobayashi/ros2_ws/install/person_msgs/include/person_msgs/srv/detail
[0.781s] -- Up-to-date: /home/kobayashi/ros2_ws/install/person_msgs/include/person_msgs/srv/detail/query__builder.hpp
[0.781s] -- Up-to-date: /home/kobayashi/ros2_ws/install/person_msgs/include/person_msgs/srv/detail/query__struct.hpp
[0.782s] -- Up-to-date: /home/kobayashi/ros2_ws/install/person_msgs/include/person_msgs/srv/detail/query__traits.hpp
[0.782s] -- Up-to-date: /home/kobayashi/ros2_ws/install/person_msgs/include/person_msgs/srv/detail/query__type_support.hpp
[0.782s] -- Up-to-date: /home/kobayashi/ros2_ws/install/person_msgs/include/person_msgs/msg
[0.782s] -- Up-to-date: /home/kobayashi/ros2_ws/install/person_msgs/include/person_msgs/msg/person.hpp
[0.782s] -- Up-to-date: /home/kobayashi/ros2_ws/install/person_msgs/include/person_msgs/msg/rosidl_generator_cpp__visibility_control.hpp
[0.782s] -- Up-to-date: /home/kobayashi/ros2_ws/install/person_msgs/include/person_msgs/msg/detail
[0.782s] -- Up-to-date: /home/kobayashi/ros2_ws/install/person_msgs/include/person_msgs/msg/detail/person__builder.hpp
[0.782s] -- Up-to-date: /home/kobayashi/ros2_ws/install/person_msgs/include/person_msgs/msg/detail/person__type_support.hpp
[0.782s] -- Up-to-date: /home/kobayashi/ros2_ws/install/person_msgs/include/person_msgs/msg/detail/person__traits.hpp
[0.782s] -- Up-to-date: /home/kobayashi/ros2_ws/install/person_msgs/include/person_msgs/msg/detail/person__struct.hpp
[0.782s] -- Up-to-date: /home/kobayashi/ros2_ws/install/person_msgs/include/person_msgs
[0.782s] -- Up-to-date: /home/kobayashi/ros2_ws/install/person_msgs/include/person_msgs/srv
[0.782s] -- Up-to-date: /home/kobayashi/ros2_ws/install/person_msgs/include/person_msgs/srv/detail
[0.783s] -- Up-to-date: /home/kobayashi/ros2_ws/install/person_msgs/include/person_msgs/srv/detail/query__type_support.cpp
[0.783s] -- Up-to-date: /home/kobayashi/ros2_ws/install/person_msgs/include/person_msgs/srv/detail/query__rosidl_typesupport_introspection_cpp.hpp
[0.783s] -- Up-to-date: /home/kobayashi/ros2_ws/install/person_msgs/include/person_msgs/msg
[0.783s] -- Up-to-date: /home/kobayashi/ros2_ws/install/person_msgs/include/person_msgs/msg/detail
[0.783s] -- Up-to-date: /home/kobayashi/ros2_ws/install/person_msgs/include/person_msgs/msg/detail/person__rosidl_typesupport_introspection_cpp.hpp
[0.783s] -- Up-to-date: /home/kobayashi/ros2_ws/install/person_msgs/include/person_msgs/msg/detail/person__type_support.cpp
[0.783s] -- Up-to-date: /home/kobayashi/ros2_ws/install/person_msgs/lib/libperson_msgs__rosidl_typesupport_introspection_cpp.so
[0.783s] -- Up-to-date: /home/kobayashi/ros2_ws/install/person_msgs/lib/libperson_msgs__rosidl_typesupport_cpp.so
[0.783s] -- Up-to-date: /home/kobayashi/ros2_ws/install/person_msgs/share/person_msgs/environment/pythonpath.sh
[0.783s] -- Up-to-date: /home/kobayashi/ros2_ws/install/person_msgs/share/person_msgs/environment/pythonpath.dsv
[0.783s] -- Up-to-date: /home/kobayashi/ros2_ws/install/person_msgs/lib/python3.8/site-packages/person_msgs/__init__.py
[0.810s] -- Up-to-date: /home/kobayashi/ros2_ws/install/person_msgs/lib/python3.8/site-packages/person_msgs/msg
[0.810s] -- Up-to-date: /home/kobayashi/ros2_ws/install/person_msgs/lib/python3.8/site-packages/person_msgs/msg/_person.py
[0.810s] -- Up-to-date: /home/kobayashi/ros2_ws/install/person_msgs/lib/python3.8/site-packages/person_msgs/msg/_person_s.c
[0.811s] -- Up-to-date: /home/kobayashi/ros2_ws/install/person_msgs/lib/python3.8/site-packages/person_msgs/msg/__init__.py
[0.811s] -- Up-to-date: /home/kobayashi/ros2_ws/install/person_msgs/lib/python3.8/site-packages/person_msgs/srv
[0.811s] -- Up-to-date: /home/kobayashi/ros2_ws/install/person_msgs/lib/python3.8/site-packages/person_msgs/srv/_query_s.c
[0.811s] -- Up-to-date: /home/kobayashi/ros2_ws/install/person_msgs/lib/python3.8/site-packages/person_msgs/srv/_query.py
[0.811s] -- Up-to-date: /home/kobayashi/ros2_ws/install/person_msgs/lib/python3.8/site-packages/person_msgs/srv/__init__.py
[0.811s] -- Up-to-date: /home/kobayashi/ros2_ws/install/person_msgs/lib/python3.8/site-packages/person_msgs/person_msgs_s__rosidl_typesupport_fastrtps_c.cpython-38-x86_64-linux-gnu.so
[0.812s] -- Up-to-date: /home/kobayashi/ros2_ws/install/person_msgs/lib/python3.8/site-packages/person_msgs/person_msgs_s__rosidl_typesupport_introspection_c.cpython-38-x86_64-linux-gnu.so
[0.812s] -- Up-to-date: /home/kobayashi/ros2_ws/install/person_msgs/lib/python3.8/site-packages/person_msgs/person_msgs_s__rosidl_typesupport_c.cpython-38-x86_64-linux-gnu.so
[0.813s] -- Up-to-date: /home/kobayashi/ros2_ws/install/person_msgs/lib/libperson_msgs__python.so
[0.813s] -- Up-to-date: /home/kobayashi/ros2_ws/install/person_msgs/share/person_msgs/msg/Person.idl
[0.814s] -- Up-to-date: /home/kobayashi/ros2_ws/install/person_msgs/share/person_msgs/srv/Query.idl
[0.814s] -- Up-to-date: /home/kobayashi/ros2_ws/install/person_msgs/share/person_msgs/msg/Person.msg
[0.815s] -- Up-to-date: /home/kobayashi/ros2_ws/install/person_msgs/share/person_msgs/srv/Query.srv
[0.815s] -- Up-to-date: /home/kobayashi/ros2_ws/install/person_msgs/share/person_msgs/srv/Query_Request.msg
[0.815s] -- Up-to-date: /home/kobayashi/ros2_ws/install/person_msgs/share/person_msgs/srv/Query_Response.msg
[0.815s] -- Up-to-date: /home/kobayashi/ros2_ws/install/person_msgs/share/ament_index/resource_index/package_run_dependencies/person_msgs
[0.816s] -- Up-to-date: /home/kobayashi/ros2_ws/install/person_msgs/share/ament_index/resource_index/parent_prefix_path/person_msgs
[0.816s] -- Up-to-date: /home/kobayashi/ros2_ws/install/person_msgs/share/person_msgs/environment/ament_prefix_path.sh
[0.816s] -- Up-to-date: /home/kobayashi/ros2_ws/install/person_msgs/share/person_msgs/environment/ament_prefix_path.dsv
[0.816s] -- Up-to-date: /home/kobayashi/ros2_ws/install/person_msgs/share/person_msgs/environment/path.sh
[0.817s] -- Up-to-date: /home/kobayashi/ros2_ws/install/person_msgs/share/person_msgs/environment/path.dsv
[0.817s] -- Up-to-date: /home/kobayashi/ros2_ws/install/person_msgs/share/person_msgs/local_setup.bash
[0.817s] -- Up-to-date: /home/kobayashi/ros2_ws/install/person_msgs/share/person_msgs/local_setup.sh
[0.817s] -- Up-to-date: /home/kobayashi/ros2_ws/install/person_msgs/share/person_msgs/local_setup.zsh
[0.818s] -- Up-to-date: /home/kobayashi/ros2_ws/install/person_msgs/share/person_msgs/local_setup.dsv
[0.818s] -- Installing: /home/kobayashi/ros2_ws/install/person_msgs/share/person_msgs/package.dsv
[0.818s] -- Up-to-date: /home/kobayashi/ros2_ws/install/person_msgs/share/ament_index/resource_index/packages/person_msgs
[0.818s] -- Up-to-date: /home/kobayashi/ros2_ws/install/person_msgs/share/person_msgs/cmake/person_msgs__rosidl_generator_cExport.cmake
[0.818s] -- Up-to-date: /home/kobayashi/ros2_ws/install/person_msgs/share/person_msgs/cmake/person_msgs__rosidl_generator_cExport-noconfig.cmake
[0.818s] -- Up-to-date: /home/kobayashi/ros2_ws/install/person_msgs/share/person_msgs/cmake/person_msgs__rosidl_typesupport_introspection_cExport.cmake
[0.818s] -- Up-to-date: /home/kobayashi/ros2_ws/install/person_msgs/share/person_msgs/cmake/person_msgs__rosidl_typesupport_introspection_cExport-noconfig.cmake
[0.818s] -- Up-to-date: /home/kobayashi/ros2_ws/install/person_msgs/share/person_msgs/cmake/person_msgs__rosidl_typesupport_cExport.cmake
[0.818s] -- Up-to-date: /home/kobayashi/ros2_ws/install/person_msgs/share/person_msgs/cmake/person_msgs__rosidl_typesupport_cExport-noconfig.cmake
[0.818s] -- Up-to-date: /home/kobayashi/ros2_ws/install/person_msgs/share/person_msgs/cmake/person_msgs__rosidl_generator_cppExport.cmake
[0.818s] -- Up-to-date: /home/kobayashi/ros2_ws/install/person_msgs/share/person_msgs/cmake/person_msgs__rosidl_typesupport_introspection_cppExport.cmake
[0.818s] -- Up-to-date: /home/kobayashi/ros2_ws/install/person_msgs/share/person_msgs/cmake/person_msgs__rosidl_typesupport_introspection_cppExport-noconfig.cmake
[0.819s] -- Up-to-date: /home/kobayashi/ros2_ws/install/person_msgs/share/person_msgs/cmake/person_msgs__rosidl_typesupport_cppExport.cmake
[0.819s] -- Up-to-date: /home/kobayashi/ros2_ws/install/person_msgs/share/person_msgs/cmake/person_msgs__rosidl_typesupport_cppExport-noconfig.cmake
[0.819s] -- Up-to-date: /home/kobayashi/ros2_ws/install/person_msgs/share/person_msgs/cmake/rosidl_cmake-extras.cmake
[0.819s] -- Up-to-date: /home/kobayashi/ros2_ws/install/person_msgs/share/person_msgs/cmake/ament_cmake_export_dependencies-extras.cmake
[0.819s] -- Up-to-date: /home/kobayashi/ros2_ws/install/person_msgs/share/person_msgs/cmake/ament_cmake_export_libraries-extras.cmake
[0.820s] -- Up-to-date: /home/kobayashi/ros2_ws/install/person_msgs/share/person_msgs/cmake/ament_cmake_export_targets-extras.cmake
[0.820s] -- Up-to-date: /home/kobayashi/ros2_ws/install/person_msgs/share/person_msgs/cmake/ament_cmake_export_include_directories-extras.cmake
[0.821s] -- Up-to-date: /home/kobayashi/ros2_ws/install/person_msgs/share/person_msgs/cmake/rosidl_cmake_export_typesupport_libraries-extras.cmake
[0.821s] -- Up-to-date: /home/kobayashi/ros2_ws/install/person_msgs/share/person_msgs/cmake/rosidl_cmake_export_typesupport_targets-extras.cmake
[0.821s] -- Up-to-date: /home/kobayashi/ros2_ws/install/person_msgs/share/person_msgs/cmake/person_msgsConfig.cmake
[0.822s] -- Up-to-date: /home/kobayashi/ros2_ws/install/person_msgs/share/person_msgs/cmake/person_msgsConfig-version.cmake
[0.822s] -- Up-to-date: /home/kobayashi/ros2_ws/install/person_msgs/share/person_msgs/package.xml
[0.824s] Invoked command in '/home/kobayashi/ros2_ws/build/person_msgs' returned '0': CMAKE_PREFIX_PATH=${CMAKE_PREFIX_PATH}:/home/kobayashi/ros2_ws/install/mypkg:/opt/ros/foxy /usr/bin/cmake --install /home/kobayashi/ros2_ws/build/person_msgs
