[0.529s] Invoking command in '/home/kobayashi/ros2_ws/build/person_msgs': CMAKE_PREFIX_PATH=/home/kobayashi/ros2_ws/install/mypkg:/opt/ros/foxy /usr/bin/cmake /home/kobayashi/ros2_ws/src/person_msgs -DCMAKE_INSTALL_PREFIX=/home/kobayashi/ros2_ws/install/person_msgs
[0.541s] -- Found ament_cmake: 0.9.12 (/opt/ros/foxy/share/ament_cmake/cmake)
[0.568s] -- Found PythonInterp: /usr/bin/python3 (found suitable version "3.8.10", minimum required is "3") 
[0.568s] -- Using PYTHON_EXECUTABLE: /usr/bin/python3
[0.749s] -- Found rosidl_default_generators: 1.0.1 (/opt/ros/foxy/share/rosidl_default_generators/cmake)
[0.751s] -- Using all available rosidl_typesupport_c: rosidl_typesupport_fastrtps_c;rosidl_typesupport_introspection_c
[0.755s] -- Found rosidl_adapter: 1.3.1 (/opt/ros/foxy/share/rosidl_adapter/cmake)
[3.616s] -- Using all available rosidl_typesupport_cpp: rosidl_typesupport_fastrtps_cpp;rosidl_typesupport_introspection_cpp
[3.660s] -- Found PythonInterp: /usr/bin/python3 (found version "3.8.10") 
[3.789s] -- Found ament_cmake_ros: 0.9.2 (/opt/ros/foxy/share/ament_cmake_ros/cmake)
[6.420s] -- Using all available rosidl_typesupport_c: rosidl_typesupport_fastrtps_c;rosidl_typesupport_introspection_c
[6.433s] -- Using all available rosidl_typesupport_cpp: rosidl_typesupport_fastrtps_cpp;rosidl_typesupport_introspection_cpp
[6.457s] -- Found PythonInterp: /usr/bin/python3 (found suitable version "3.8.10", minimum required is "3.5") 
[6.460s] -- Found python_cmake_module: 0.8.1 (/opt/ros/foxy/share/python_cmake_module/cmake)
[6.736s] -- Found PythonLibs: /usr/lib/x86_64-linux-gnu/libpython3.8.so (found suitable version "3.8.10", minimum required is "3.5") 
[6.736s] -- Using PYTHON_EXECUTABLE: /usr/bin/python3
[6.736s] -- Using PYTHON_INCLUDE_DIRS: /usr/include/python3.8
[6.736s] -- Using PYTHON_LIBRARIES: /usr/lib/x86_64-linux-gnu/libpython3.8.so
[6.759s] -- Found PythonExtra: .so  
[6.831s] -- Found ament_lint_auto: 0.9.8 (/opt/ros/foxy/share/ament_lint_auto/cmake)
[6.883s] -- Added test 'copyright' to check source files copyright and LICENSE
[6.887s] -- Added test 'lint_cmake' to check CMake code style
[6.890s] -- Added test 'xmllint' to check XML markup files
[6.898s] -- Configuring done
[6.932s] -- Generating done
[6.935s] -- Build files have been written to: /home/kobayashi/ros2_ws/build/person_msgs
[6.943s] Invoked command in '/home/kobayashi/ros2_ws/build/person_msgs' returned '0': CMAKE_PREFIX_PATH=/home/kobayashi/ros2_ws/install/mypkg:/opt/ros/foxy /usr/bin/cmake /home/kobayashi/ros2_ws/src/person_msgs -DCMAKE_INSTALL_PREFIX=/home/kobayashi/ros2_ws/install/person_msgs
[6.946s] Invoking command in '/home/kobayashi/ros2_ws/build/person_msgs': CMAKE_PREFIX_PATH=/home/kobayashi/ros2_ws/install/mypkg:/opt/ros/foxy /usr/bin/cmake --build /home/kobayashi/ros2_ws/build/person_msgs -- -j8 -l8
[6.985s] [  3%] [34m[1mGenerating C code for ROS interfaces[0m
[6.985s] [35m[1mScanning dependencies of target person_msgs__cpp[0m
[6.996s] [  6%] [34m[1mGenerating C++ code for ROS interfaces[0m
[7.250s] [  6%] Built target person_msgs__cpp
[7.261s] [ 12%] [34m[1mGenerating C++ type support dispatch for ROS interfaces[0m
[7.261s] [ 12%] [34m[1mGenerating C++ introspection for ROS interfaces[0m
[7.262s] [35m[1mScanning dependencies of target person_msgs__rosidl_generator_c[0m
[7.262s] [ 16%] [34m[1mGenerating C++ type support for eProsima Fast-RTPS[0m
[7.281s] [ 19%] [32mBuilding C object CMakeFiles/person_msgs__rosidl_generator_c.dir/rosidl_generator_c/person_msgs/msg/detail/person__functions.c.o[0m
[7.378s] [ 22%] [32m[1mLinking C shared library libperson_msgs__rosidl_generator_c.so[0m
[7.469s] [ 22%] Built target person_msgs__rosidl_generator_c
[7.482s] [ 29%] [34m[1mGenerating C introspection for ROS interfaces[0m
[7.482s] [ 29%] [34m[1mGenerating C type support dispatch for ROS interfaces[0m
[7.557s] [35m[1mScanning dependencies of target person_msgs__rosidl_typesupport_cpp[0m
[7.569s] [35m[1mScanning dependencies of target person_msgs__rosidl_typesupport_introspection_cpp[0m
[7.576s] [ 32%] [32mBuilding CXX object CMakeFiles/person_msgs__rosidl_typesupport_cpp.dir/rosidl_typesupport_cpp/person_msgs/msg/person__type_support.cpp.o[0m
[7.585s] [ 35%] [32mBuilding CXX object CMakeFiles/person_msgs__rosidl_typesupport_introspection_cpp.dir/rosidl_typesupport_introspection_cpp/person_msgs/msg/detail/person__type_support.cpp.o[0m
[7.640s] [35m[1mScanning dependencies of target person_msgs__rosidl_typesupport_fastrtps_cpp[0m
[7.664s] [ 38%] [32mBuilding CXX object CMakeFiles/person_msgs__rosidl_typesupport_fastrtps_cpp.dir/rosidl_typesupport_fastrtps_cpp/person_msgs/msg/detail/dds_fastrtps/person__type_support.cpp.o[0m
[7.772s] [35m[1mScanning dependencies of target person_msgs__rosidl_typesupport_c[0m
[7.790s] [ 41%] [32mBuilding CXX object CMakeFiles/person_msgs__rosidl_typesupport_c.dir/rosidl_typesupport_c/person_msgs/msg/person__type_support.cpp.o[0m
[7.822s] [35m[1mScanning dependencies of target person_msgs__rosidl_typesupport_introspection_c[0m
[7.828s] [ 45%] [32m[1mLinking CXX shared library libperson_msgs__rosidl_typesupport_c.so[0m
[7.837s] [ 48%] [32mBuilding C object CMakeFiles/person_msgs__rosidl_typesupport_introspection_c.dir/rosidl_typesupport_introspection_c/person_msgs/msg/detail/person__type_support.c.o[0m
[7.903s] [ 51%] [32m[1mLinking C shared library libperson_msgs__rosidl_typesupport_introspection_c.so[0m
[7.940s] [ 51%] Built target person_msgs__rosidl_typesupport_c
[7.994s] [ 51%] Built target person_msgs__rosidl_typesupport_introspection_c
[8.029s] [ 54%] [32m[1mLinking CXX shared library libperson_msgs__rosidl_typesupport_cpp.so[0m
[8.030s] [ 58%] [32m[1mLinking CXX shared library libperson_msgs__rosidl_typesupport_introspection_cpp.so[0m
[8.118s] [ 58%] Built target person_msgs__rosidl_typesupport_cpp
[8.148s] [ 58%] Built target person_msgs__rosidl_typesupport_introspection_cpp
[8.250s] [ 61%] [32m[1mLinking CXX shared library libperson_msgs__rosidl_typesupport_fastrtps_cpp.so[0m
[8.395s] [ 61%] Built target person_msgs__rosidl_typesupport_fastrtps_cpp
[8.405s] [ 64%] [34m[1mGenerating C type support for eProsima Fast-RTPS[0m
[8.627s] [35m[1mScanning dependencies of target person_msgs__rosidl_typesupport_fastrtps_c[0m
[8.643s] [ 67%] [32mBuilding CXX object CMakeFiles/person_msgs__rosidl_typesupport_fastrtps_c.dir/rosidl_typesupport_fastrtps_c/person_msgs/msg/detail/person__type_support_c.cpp.o[0m
[8.985s] [ 70%] [32m[1mLinking CXX shared library libperson_msgs__rosidl_typesupport_fastrtps_c.so[0m
[9.120s] [ 70%] Built target person_msgs__rosidl_typesupport_fastrtps_c
[9.131s] [35m[1mScanning dependencies of target person_msgs[0m
[9.142s] [ 70%] Built target person_msgs
[9.151s] [35m[1mScanning dependencies of target person_msgs__py[0m
[9.161s] [ 74%] [34m[1mGenerating Python code for ROS interfaces[0m
[9.711s] [ 74%] Built target person_msgs__py
[9.721s] [35m[1mScanning dependencies of target person_msgs__python[0m
[9.773s] [ 77%] [32mBuilding C object CMakeFiles/person_msgs__python.dir/rosidl_generator_py/person_msgs/msg/_person_s.c.o[0m
[9.885s] [ 80%] [32m[1mLinking C shared library rosidl_generator_py/person_msgs/libperson_msgs__python.so[0m
[9.970s] [ 80%] Built target person_msgs__python
[9.980s] [35m[1mScanning dependencies of target person_msgs__rosidl_typesupport_c__pyext[0m
[9.981s] [35m[1mScanning dependencies of target person_msgs__rosidl_typesupport_fastrtps_c__pyext[0m
[9.981s] [35m[1mScanning dependencies of target person_msgs__rosidl_typesupport_introspection_c__pyext[0m
[9.999s] [ 83%] [32mBuilding C object CMakeFiles/person_msgs__rosidl_typesupport_c__pyext.dir/rosidl_generator_py/person_msgs/_person_msgs_s.ep.rosidl_typesupport_c.c.o[0m
[10.004s] [ 87%] [32mBuilding C object CMakeFiles/person_msgs__rosidl_typesupport_fastrtps_c__pyext.dir/rosidl_generator_py/person_msgs/_person_msgs_s.ep.rosidl_typesupport_fastrtps_c.c.o[0m
[10.004s] [ 90%] [32mBuilding C object CMakeFiles/person_msgs__rosidl_typesupport_introspection_c__pyext.dir/rosidl_generator_py/person_msgs/_person_msgs_s.ep.rosidl_typesupport_introspection_c.c.o[0m
[10.088s] [ 93%] [32m[1mLinking CXX shared library rosidl_generator_py/person_msgs/person_msgs_s__rosidl_typesupport_fastrtps_c.cpython-38-x86_64-linux-gnu.so[0m
[10.088s] [ 96%] [32m[1mLinking C shared library rosidl_generator_py/person_msgs/person_msgs_s__rosidl_typesupport_c.cpython-38-x86_64-linux-gnu.so[0m
[10.095s] [100%] [32m[1mLinking C shared library rosidl_generator_py/person_msgs/person_msgs_s__rosidl_typesupport_introspection_c.cpython-38-x86_64-linux-gnu.so[0m
[10.181s] [100%] Built target person_msgs__rosidl_typesupport_c__pyext
[10.197s] [100%] Built target person_msgs__rosidl_typesupport_introspection_c__pyext
[10.215s] [100%] Built target person_msgs__rosidl_typesupport_fastrtps_c__pyext
[10.226s] Invoked command in '/home/kobayashi/ros2_ws/build/person_msgs' returned '0': CMAKE_PREFIX_PATH=/home/kobayashi/ros2_ws/install/mypkg:/opt/ros/foxy /usr/bin/cmake --build /home/kobayashi/ros2_ws/build/person_msgs -- -j8 -l8
[10.286s] Invoking command in '/home/kobayashi/ros2_ws/build/person_msgs': CMAKE_PREFIX_PATH=/home/kobayashi/ros2_ws/install/mypkg:/opt/ros/foxy /usr/bin/cmake --install /home/kobayashi/ros2_ws/build/person_msgs
[10.294s] -- Install configuration: ""
[10.294s] -- Installing: /home/kobayashi/ros2_ws/install/person_msgs/share/ament_index/resource_index/rosidl_interfaces/person_msgs
[10.295s] -- Installing: /home/kobayashi/ros2_ws/install/person_msgs/include/person_msgs
[10.295s] -- Installing: /home/kobayashi/ros2_ws/install/person_msgs/include/person_msgs/msg
[10.295s] -- Installing: /home/kobayashi/ros2_ws/install/person_msgs/include/person_msgs/msg/person.h
[10.295s] -- Installing: /home/kobayashi/ros2_ws/install/person_msgs/include/person_msgs/msg/rosidl_generator_c__visibility_control.h
[10.295s] -- Installing: /home/kobayashi/ros2_ws/install/person_msgs/include/person_msgs/msg/detail
[10.296s] -- Installing: /home/kobayashi/ros2_ws/install/person_msgs/include/person_msgs/msg/detail/person__functions.c
[10.296s] -- Installing: /home/kobayashi/ros2_ws/install/person_msgs/include/person_msgs/msg/detail/person__type_support.h
[10.296s] -- Installing: /home/kobayashi/ros2_ws/install/person_msgs/include/person_msgs/msg/detail/person__functions.h
[10.296s] -- Installing: /home/kobayashi/ros2_ws/install/person_msgs/include/person_msgs/msg/detail/person__struct.h
[10.297s] -- Installing: /home/kobayashi/ros2_ws/install/person_msgs/share/person_msgs/environment/library_path.sh
[10.297s] -- Installing: /home/kobayashi/ros2_ws/install/person_msgs/share/person_msgs/environment/library_path.dsv
[10.297s] -- Installing: /home/kobayashi/ros2_ws/install/person_msgs/lib/libperson_msgs__rosidl_generator_c.so
[10.297s] -- Set runtime path of "/home/kobayashi/ros2_ws/install/person_msgs/lib/libperson_msgs__rosidl_generator_c.so" to ""
[10.298s] -- Up-to-date: /home/kobayashi/ros2_ws/install/person_msgs/include/person_msgs
[10.298s] -- Up-to-date: /home/kobayashi/ros2_ws/install/person_msgs/include/person_msgs/msg
[10.298s] -- Installing: /home/kobayashi/ros2_ws/install/person_msgs/include/person_msgs/msg/rosidl_typesupport_fastrtps_c__visibility_control.h
[10.298s] -- Up-to-date: /home/kobayashi/ros2_ws/install/person_msgs/include/person_msgs/msg/detail
[10.298s] -- Installing: /home/kobayashi/ros2_ws/install/person_msgs/include/person_msgs/msg/detail/person__rosidl_typesupport_fastrtps_c.h
[10.299s] -- Installing: /home/kobayashi/ros2_ws/install/person_msgs/lib/libperson_msgs__rosidl_typesupport_fastrtps_c.so
[10.299s] -- Set runtime path of "/home/kobayashi/ros2_ws/install/person_msgs/lib/libperson_msgs__rosidl_typesupport_fastrtps_c.so" to ""
[10.299s] -- Up-to-date: /home/kobayashi/ros2_ws/install/person_msgs/include/person_msgs
[10.299s] -- Up-to-date: /home/kobayashi/ros2_ws/install/person_msgs/include/person_msgs/msg
[10.300s] -- Installing: /home/kobayashi/ros2_ws/install/person_msgs/include/person_msgs/msg/rosidl_typesupport_fastrtps_cpp__visibility_control.h
[10.300s] -- Up-to-date: /home/kobayashi/ros2_ws/install/person_msgs/include/person_msgs/msg/detail
[10.300s] -- Installing: /home/kobayashi/ros2_ws/install/person_msgs/include/person_msgs/msg/detail/dds_fastrtps
[10.300s] -- Installing: /home/kobayashi/ros2_ws/install/person_msgs/include/person_msgs/msg/detail/person__rosidl_typesupport_fastrtps_cpp.hpp
[10.300s] -- Installing: /home/kobayashi/ros2_ws/install/person_msgs/lib/libperson_msgs__rosidl_typesupport_fastrtps_cpp.so
[10.301s] -- Set runtime path of "/home/kobayashi/ros2_ws/install/person_msgs/lib/libperson_msgs__rosidl_typesupport_fastrtps_cpp.so" to ""
[10.301s] -- Up-to-date: /home/kobayashi/ros2_ws/install/person_msgs/include/person_msgs
[10.301s] -- Up-to-date: /home/kobayashi/ros2_ws/install/person_msgs/include/person_msgs/msg
[10.301s] -- Installing: /home/kobayashi/ros2_ws/install/person_msgs/include/person_msgs/msg/rosidl_typesupport_introspection_c__visibility_control.h
[10.301s] -- Up-to-date: /home/kobayashi/ros2_ws/install/person_msgs/include/person_msgs/msg/detail
[10.302s] -- Installing: /home/kobayashi/ros2_ws/install/person_msgs/include/person_msgs/msg/detail/person__type_support.c
[10.302s] -- Installing: /home/kobayashi/ros2_ws/install/person_msgs/include/person_msgs/msg/detail/person__rosidl_typesupport_introspection_c.h
[10.302s] -- Installing: /home/kobayashi/ros2_ws/install/person_msgs/lib/libperson_msgs__rosidl_typesupport_introspection_c.so
[10.303s] -- Set runtime path of "/home/kobayashi/ros2_ws/install/person_msgs/lib/libperson_msgs__rosidl_typesupport_introspection_c.so" to ""
[10.303s] -- Installing: /home/kobayashi/ros2_ws/install/person_msgs/lib/libperson_msgs__rosidl_typesupport_c.so
[10.303s] -- Set runtime path of "/home/kobayashi/ros2_ws/install/person_msgs/lib/libperson_msgs__rosidl_typesupport_c.so" to ""
[10.303s] -- Up-to-date: /home/kobayashi/ros2_ws/install/person_msgs/include/person_msgs
[10.304s] -- Up-to-date: /home/kobayashi/ros2_ws/install/person_msgs/include/person_msgs/msg
[10.304s] -- Installing: /home/kobayashi/ros2_ws/install/person_msgs/include/person_msgs/msg/person.hpp
[10.305s] -- Installing: /home/kobayashi/ros2_ws/install/person_msgs/include/person_msgs/msg/rosidl_generator_cpp__visibility_control.hpp
[10.305s] -- Up-to-date: /home/kobayashi/ros2_ws/install/person_msgs/include/person_msgs/msg/detail
[10.305s] -- Installing: /home/kobayashi/ros2_ws/install/person_msgs/include/person_msgs/msg/detail/person__builder.hpp
[10.305s] -- Installing: /home/kobayashi/ros2_ws/install/person_msgs/include/person_msgs/msg/detail/person__type_support.hpp
[10.305s] -- Installing: /home/kobayashi/ros2_ws/install/person_msgs/include/person_msgs/msg/detail/person__traits.hpp
[10.305s] -- Installing: /home/kobayashi/ros2_ws/install/person_msgs/include/person_msgs/msg/detail/person__struct.hpp
[10.305s] -- Up-to-date: /home/kobayashi/ros2_ws/install/person_msgs/include/person_msgs
[10.305s] -- Up-to-date: /home/kobayashi/ros2_ws/install/person_msgs/include/person_msgs/msg
[10.305s] -- Up-to-date: /home/kobayashi/ros2_ws/install/person_msgs/include/person_msgs/msg/detail
[10.305s] -- Installing: /home/kobayashi/ros2_ws/install/person_msgs/include/person_msgs/msg/detail/person__rosidl_typesupport_introspection_cpp.hpp
[10.305s] -- Installing: /home/kobayashi/ros2_ws/install/person_msgs/include/person_msgs/msg/detail/person__type_support.cpp
[10.306s] -- Installing: /home/kobayashi/ros2_ws/install/person_msgs/lib/libperson_msgs__rosidl_typesupport_introspection_cpp.so
[10.306s] -- Set runtime path of "/home/kobayashi/ros2_ws/install/person_msgs/lib/libperson_msgs__rosidl_typesupport_introspection_cpp.so" to ""
[10.306s] -- Installing: /home/kobayashi/ros2_ws/install/person_msgs/lib/libperson_msgs__rosidl_typesupport_cpp.so
[10.306s] -- Set runtime path of "/home/kobayashi/ros2_ws/install/person_msgs/lib/libperson_msgs__rosidl_typesupport_cpp.so" to ""
[10.306s] -- Installing: /home/kobayashi/ros2_ws/install/person_msgs/share/person_msgs/environment/pythonpath.sh
[10.306s] -- Installing: /home/kobayashi/ros2_ws/install/person_msgs/share/person_msgs/environment/pythonpath.dsv
[10.306s] -- Installing: /home/kobayashi/ros2_ws/install/person_msgs/lib/python3.8/site-packages/person_msgs/__init__.py
[10.335s] Compiling '/home/kobayashi/ros2_ws/install/person_msgs/lib/python3.8/site-packages/person_msgs/__init__.py'...
[10.340s] -- Installing: /home/kobayashi/ros2_ws/install/person_msgs/lib/python3.8/site-packages/person_msgs/msg
[10.340s] -- Installing: /home/kobayashi/ros2_ws/install/person_msgs/lib/python3.8/site-packages/person_msgs/msg/_person.py
[10.340s] -- Installing: /home/kobayashi/ros2_ws/install/person_msgs/lib/python3.8/site-packages/person_msgs/msg/_person_s.c
[10.340s] -- Installing: /home/kobayashi/ros2_ws/install/person_msgs/lib/python3.8/site-packages/person_msgs/msg/__init__.py
[10.341s] -- Installing: /home/kobayashi/ros2_ws/install/person_msgs/lib/python3.8/site-packages/person_msgs/person_msgs_s__rosidl_typesupport_fastrtps_c.cpython-38-x86_64-linux-gnu.so
[10.341s] -- Set runtime path of "/home/kobayashi/ros2_ws/install/person_msgs/lib/python3.8/site-packages/person_msgs/person_msgs_s__rosidl_typesupport_fastrtps_c.cpython-38-x86_64-linux-gnu.so" to ""
[10.341s] -- Installing: /home/kobayashi/ros2_ws/install/person_msgs/lib/python3.8/site-packages/person_msgs/person_msgs_s__rosidl_typesupport_introspection_c.cpython-38-x86_64-linux-gnu.so
[10.341s] -- Set runtime path of "/home/kobayashi/ros2_ws/install/person_msgs/lib/python3.8/site-packages/person_msgs/person_msgs_s__rosidl_typesupport_introspection_c.cpython-38-x86_64-linux-gnu.so" to ""
[10.342s] -- Installing: /home/kobayashi/ros2_ws/install/person_msgs/lib/python3.8/site-packages/person_msgs/person_msgs_s__rosidl_typesupport_c.cpython-38-x86_64-linux-gnu.so
[10.342s] -- Set runtime path of "/home/kobayashi/ros2_ws/install/person_msgs/lib/python3.8/site-packages/person_msgs/person_msgs_s__rosidl_typesupport_c.cpython-38-x86_64-linux-gnu.so" to ""
[10.342s] -- Installing: /home/kobayashi/ros2_ws/install/person_msgs/lib/libperson_msgs__python.so
[10.342s] -- Set runtime path of "/home/kobayashi/ros2_ws/install/person_msgs/lib/libperson_msgs__python.so" to ""
[10.343s] -- Installing: /home/kobayashi/ros2_ws/install/person_msgs/share/person_msgs/msg/Person.idl
[10.343s] -- Installing: /home/kobayashi/ros2_ws/install/person_msgs/share/person_msgs/msg/Person.msg
[10.343s] -- Installing: /home/kobayashi/ros2_ws/install/person_msgs/share/ament_index/resource_index/package_run_dependencies/person_msgs
[10.343s] -- Installing: /home/kobayashi/ros2_ws/install/person_msgs/share/ament_index/resource_index/parent_prefix_path/person_msgs
[10.344s] -- Installing: /home/kobayashi/ros2_ws/install/person_msgs/share/person_msgs/environment/ament_prefix_path.sh
[10.344s] -- Installing: /home/kobayashi/ros2_ws/install/person_msgs/share/person_msgs/environment/ament_prefix_path.dsv
[10.344s] -- Installing: /home/kobayashi/ros2_ws/install/person_msgs/share/person_msgs/environment/path.sh
[10.344s] -- Installing: /home/kobayashi/ros2_ws/install/person_msgs/share/person_msgs/environment/path.dsv
[10.345s] -- Installing: /home/kobayashi/ros2_ws/install/person_msgs/share/person_msgs/local_setup.bash
[10.345s] -- Installing: /home/kobayashi/ros2_ws/install/person_msgs/share/person_msgs/local_setup.sh
[10.345s] -- Installing: /home/kobayashi/ros2_ws/install/person_msgs/share/person_msgs/local_setup.zsh
[10.345s] -- Installing: /home/kobayashi/ros2_ws/install/person_msgs/share/person_msgs/local_setup.dsv
[10.345s] -- Installing: /home/kobayashi/ros2_ws/install/person_msgs/share/person_msgs/package.dsv
[10.345s] -- Installing: /home/kobayashi/ros2_ws/install/person_msgs/share/ament_index/resource_index/packages/person_msgs
[10.345s] -- Installing: /home/kobayashi/ros2_ws/install/person_msgs/share/person_msgs/cmake/person_msgs__rosidl_generator_cExport.cmake
[10.346s] -- Installing: /home/kobayashi/ros2_ws/install/person_msgs/share/person_msgs/cmake/person_msgs__rosidl_generator_cExport-noconfig.cmake
[10.346s] -- Installing: /home/kobayashi/ros2_ws/install/person_msgs/share/person_msgs/cmake/person_msgs__rosidl_typesupport_introspection_cExport.cmake
[10.346s] -- Installing: /home/kobayashi/ros2_ws/install/person_msgs/share/person_msgs/cmake/person_msgs__rosidl_typesupport_introspection_cExport-noconfig.cmake
[10.346s] -- Installing: /home/kobayashi/ros2_ws/install/person_msgs/share/person_msgs/cmake/person_msgs__rosidl_typesupport_cExport.cmake
[10.347s] -- Installing: /home/kobayashi/ros2_ws/install/person_msgs/share/person_msgs/cmake/person_msgs__rosidl_typesupport_cExport-noconfig.cmake
[10.347s] -- Installing: /home/kobayashi/ros2_ws/install/person_msgs/share/person_msgs/cmake/person_msgs__rosidl_generator_cppExport.cmake
[10.347s] -- Installing: /home/kobayashi/ros2_ws/install/person_msgs/share/person_msgs/cmake/person_msgs__rosidl_typesupport_introspection_cppExport.cmake
[10.348s] -- Installing: /home/kobayashi/ros2_ws/install/person_msgs/share/person_msgs/cmake/person_msgs__rosidl_typesupport_introspection_cppExport-noconfig.cmake
[10.348s] -- Installing: /home/kobayashi/ros2_ws/install/person_msgs/share/person_msgs/cmake/person_msgs__rosidl_typesupport_cppExport.cmake
[10.348s] -- Installing: /home/kobayashi/ros2_ws/install/person_msgs/share/person_msgs/cmake/person_msgs__rosidl_typesupport_cppExport-noconfig.cmake
[10.349s] -- Installing: /home/kobayashi/ros2_ws/install/person_msgs/share/person_msgs/cmake/rosidl_cmake-extras.cmake
[10.349s] -- Installing: /home/kobayashi/ros2_ws/install/person_msgs/share/person_msgs/cmake/ament_cmake_export_dependencies-extras.cmake
[10.349s] -- Installing: /home/kobayashi/ros2_ws/install/person_msgs/share/person_msgs/cmake/ament_cmake_export_libraries-extras.cmake
[10.349s] -- Installing: /home/kobayashi/ros2_ws/install/person_msgs/share/person_msgs/cmake/ament_cmake_export_targets-extras.cmake
[10.350s] -- Installing: /home/kobayashi/ros2_ws/install/person_msgs/share/person_msgs/cmake/ament_cmake_export_include_directories-extras.cmake
[10.350s] -- Installing: /home/kobayashi/ros2_ws/install/person_msgs/share/person_msgs/cmake/rosidl_cmake_export_typesupport_libraries-extras.cmake
[10.350s] -- Installing: /home/kobayashi/ros2_ws/install/person_msgs/share/person_msgs/cmake/rosidl_cmake_export_typesupport_targets-extras.cmake
[10.350s] -- Installing: /home/kobayashi/ros2_ws/install/person_msgs/share/person_msgs/cmake/person_msgsConfig.cmake
[10.350s] -- Installing: /home/kobayashi/ros2_ws/install/person_msgs/share/person_msgs/cmake/person_msgsConfig-version.cmake
[10.350s] -- Installing: /home/kobayashi/ros2_ws/install/person_msgs/share/person_msgs/package.xml
[10.353s] Invoked command in '/home/kobayashi/ros2_ws/build/person_msgs' returned '0': CMAKE_PREFIX_PATH=/home/kobayashi/ros2_ws/install/mypkg:/opt/ros/foxy /usr/bin/cmake --install /home/kobayashi/ros2_ws/build/person_msgs
