[0.774s] Invoking command in '/home/kobayashi/ros2_ws/src/mypkg': PYTHONPATH=/home/kobayashi/ros2_ws/build/mypkg/prefix_override:/home/kobayashi/ros2_ws/install/mypkg/lib/python3.8/site-packages:${PYTHONPATH} /usr/bin/python3 setup.py egg_info --egg-base ../../build/mypkg build --build-base /home/kobayashi/ros2_ws/build/mypkg/build install --record /home/kobayashi/ros2_ws/build/mypkg/install.log --install-scripts $base/lib/mypkg --single-version-externally-managed
[0.942s] running egg_info
[0.942s] writing ../../build/mypkg/mypkg.egg-info/PKG-INFO
[0.943s] writing dependency_links to ../../build/mypkg/mypkg.egg-info/dependency_links.txt
[0.943s] writing entry points to ../../build/mypkg/mypkg.egg-info/entry_points.txt
[0.943s] writing requirements to ../../build/mypkg/mypkg.egg-info/requires.txt
[0.943s] writing top-level names to ../../build/mypkg/mypkg.egg-info/top_level.txt
[0.970s] reading manifest file '../../build/mypkg/mypkg.egg-info/SOURCES.txt'
[0.971s] writing manifest file '../../build/mypkg/mypkg.egg-info/SOURCES.txt'
[0.972s] running build
[0.972s] running build_py
[0.972s] copying mypkg/listener.py -> /home/kobayashi/ros2_ws/build/mypkg/build/lib/mypkg
[0.972s] running install
[0.973s] running install_lib
[0.974s] copying /home/kobayashi/ros2_ws/build/mypkg/build/lib/mypkg/listener.py -> /home/kobayashi/ros2_ws/install/mypkg/lib/python3.8/site-packages/mypkg
[0.974s] byte-compiling /home/kobayashi/ros2_ws/install/mypkg/lib/python3.8/site-packages/mypkg/listener.py to listener.cpython-38.pyc
[0.975s] running install_data
[0.976s] running install_egg_info
[0.977s] removing '/home/kobayashi/ros2_ws/install/mypkg/lib/python3.8/site-packages/mypkg-0.0.0-py3.8.egg-info' (and everything under it)
[0.978s] Copying ../../build/mypkg/mypkg.egg-info to /home/kobayashi/ros2_ws/install/mypkg/lib/python3.8/site-packages/mypkg-0.0.0-py3.8.egg-info
[0.979s] running install_scripts
[0.993s] Installing listener script to /home/kobayashi/ros2_ws/install/mypkg/lib/mypkg
[0.993s] Installing talker script to /home/kobayashi/ros2_ws/install/mypkg/lib/mypkg
[0.993s] writing list of installed files to '/home/kobayashi/ros2_ws/build/mypkg/install.log'
[1.014s] Invoked command in '/home/kobayashi/ros2_ws/src/mypkg' returned '0': PYTHONPATH=/home/kobayashi/ros2_ws/build/mypkg/prefix_override:/home/kobayashi/ros2_ws/install/mypkg/lib/python3.8/site-packages:${PYTHONPATH} /usr/bin/python3 setup.py egg_info --egg-base ../../build/mypkg build --build-base /home/kobayashi/ros2_ws/build/mypkg/build install --record /home/kobayashi/ros2_ws/build/mypkg/install.log --install-scripts $base/lib/mypkg --single-version-externally-managed
