[1.718s] DEBUG:colcon:Command line arguments: ['/usr/bin/colcon', 'build']
[1.718s] DEBUG:colcon:Parsed command line arguments: Namespace(allow_overriding=[], ament_cmake_args=None, base_paths=['.'], build_base='build', catkin_cmake_args=None, catkin_skip_building_tests=False, cmake_args=None, cmake_clean_cache=False, cmake_clean_first=False, cmake_force_configure=False, cmake_target=None, cmake_target_skip_unavailable=False, continue_on_error=False, event_handlers=None, executor='parallel', ignore_user_meta=False, install_base='install', log_base=None, log_level=None, main=<bound method BuildVerb.main of <colcon_core.verb.build.BuildVerb object at 0x7fca75063bb0>>, merge_install=False, metas=['./colcon.meta'], packages_above=None, packages_above_and_dependencies=None, packages_above_depth=None, packages_end=None, packages_ignore=None, packages_ignore_regex=None, packages_select=None, packages_select_build_failed=False, packages_select_by_dep=None, packages_select_regex=None, packages_select_test_failures=False, packages_skip=None, packages_skip_build_finished=False, packages_skip_by_dep=None, packages_skip_regex=None, packages_skip_test_passed=False, packages_skip_up_to=None, packages_start=None, packages_up_to=None, packages_up_to_regex=None, parallel_workers=8, paths=None, symlink_install=False, test_result_base=None, verb_extension=<colcon_core.verb.build.BuildVerb object at 0x7fca75063bb0>, verb_name='build', verb_parser=<colcon_defaults.argument_parser.defaults.DefaultArgumentsDecorator object at 0x7fca74c43490>)
[1.790s] Level 1:colcon.colcon_core.package_discovery:discover_packages(colcon_meta) check parameters
[1.790s] Level 1:colcon.colcon_core.package_discovery:discover_packages(recursive) check parameters
[1.790s] Level 1:colcon.colcon_core.package_discovery:discover_packages(ignore) check parameters
[1.790s] Level 1:colcon.colcon_core.package_discovery:discover_packages(path) check parameters
[1.790s] Level 1:colcon.colcon_core.package_discovery:discover_packages(colcon_meta) discover
[1.790s] Level 1:colcon.colcon_core.package_discovery:discover_packages(recursive) discover
[1.791s] INFO:colcon.colcon_core.package_discovery:Crawling recursively for packages in '/home/kobayashi/ros2_ws'
[1.791s] Level 1:colcon.colcon_core.package_identification:_identify(.) by extensions ['ignore', 'ignore_ament_install']
[1.791s] Level 1:colcon.colcon_core.package_identification:_identify(.) by extension 'ignore'
[1.791s] Level 1:colcon.colcon_core.package_identification:_identify(.) by extension 'ignore_ament_install'
[1.791s] Level 1:colcon.colcon_core.package_identification:_identify(.) by extensions ['colcon_pkg']
[1.791s] Level 1:colcon.colcon_core.package_identification:_identify(.) by extension 'colcon_pkg'
[1.791s] Level 1:colcon.colcon_core.package_identification:_identify(.) by extensions ['colcon_meta']
[1.791s] Level 1:colcon.colcon_core.package_identification:_identify(.) by extension 'colcon_meta'
[1.791s] Level 1:colcon.colcon_core.package_identification:_identify(.) by extensions ['ros']
[1.791s] Level 1:colcon.colcon_core.package_identification:_identify(.) by extension 'ros'
[1.800s] Level 1:colcon.colcon_core.package_identification:_identify(.) by extensions ['cmake', 'python']
[1.800s] Level 1:colcon.colcon_core.package_identification:_identify(.) by extension 'cmake'
[1.800s] Level 1:colcon.colcon_core.package_identification:_identify(.) by extension 'python'
[1.800s] Level 1:colcon.colcon_core.package_identification:_identify(.) by extensions ['python_setup_py']
[1.800s] Level 1:colcon.colcon_core.package_identification:_identify(.) by extension 'python_setup_py'
[1.800s] Level 1:colcon.colcon_core.package_identification:_identify(build) by extensions ['ignore', 'ignore_ament_install']
[1.800s] Level 1:colcon.colcon_core.package_identification:_identify(build) by extension 'ignore'
[1.801s] Level 1:colcon.colcon_core.package_identification:_identify(build) ignored
[1.801s] Level 1:colcon.colcon_core.package_identification:_identify(install) by extensions ['ignore', 'ignore_ament_install']
[1.801s] Level 1:colcon.colcon_core.package_identification:_identify(install) by extension 'ignore'
[1.801s] Level 1:colcon.colcon_core.package_identification:_identify(install) ignored
[1.801s] Level 1:colcon.colcon_core.package_identification:_identify(log) by extensions ['ignore', 'ignore_ament_install']
[1.801s] Level 1:colcon.colcon_core.package_identification:_identify(log) by extension 'ignore'
[1.801s] Level 1:colcon.colcon_core.package_identification:_identify(log) ignored
[1.801s] Level 1:colcon.colcon_core.package_identification:_identify(src) by extensions ['ignore', 'ignore_ament_install']
[1.801s] Level 1:colcon.colcon_core.package_identification:_identify(src) by extension 'ignore'
[1.801s] Level 1:colcon.colcon_core.package_identification:_identify(src) by extension 'ignore_ament_install'
[1.801s] Level 1:colcon.colcon_core.package_identification:_identify(src) by extensions ['colcon_pkg']
[1.801s] Level 1:colcon.colcon_core.package_identification:_identify(src) by extension 'colcon_pkg'
[1.801s] Level 1:colcon.colcon_core.package_identification:_identify(src) by extensions ['colcon_meta']
[1.801s] Level 1:colcon.colcon_core.package_identification:_identify(src) by extension 'colcon_meta'
[1.801s] Level 1:colcon.colcon_core.package_identification:_identify(src) by extensions ['ros']
[1.801s] Level 1:colcon.colcon_core.package_identification:_identify(src) by extension 'ros'
[1.801s] Level 1:colcon.colcon_core.package_identification:_identify(src) by extensions ['cmake', 'python']
[1.801s] Level 1:colcon.colcon_core.package_identification:_identify(src) by extension 'cmake'
[1.801s] Level 1:colcon.colcon_core.package_identification:_identify(src) by extension 'python'
[1.801s] Level 1:colcon.colcon_core.package_identification:_identify(src) by extensions ['python_setup_py']
[1.802s] Level 1:colcon.colcon_core.package_identification:_identify(src) by extension 'python_setup_py'
[1.802s] Level 1:colcon.colcon_core.package_identification:_identify(src/mypkg) by extensions ['ignore', 'ignore_ament_install']
[1.802s] Level 1:colcon.colcon_core.package_identification:_identify(src/mypkg) by extension 'ignore'
[1.802s] Level 1:colcon.colcon_core.package_identification:_identify(src/mypkg) by extension 'ignore_ament_install'
[1.802s] Level 1:colcon.colcon_core.package_identification:_identify(src/mypkg) by extensions ['colcon_pkg']
[1.802s] Level 1:colcon.colcon_core.package_identification:_identify(src/mypkg) by extension 'colcon_pkg'
[1.802s] Level 1:colcon.colcon_core.package_identification:_identify(src/mypkg) by extensions ['colcon_meta']
[1.802s] Level 1:colcon.colcon_core.package_identification:_identify(src/mypkg) by extension 'colcon_meta'
[1.802s] Level 1:colcon.colcon_core.package_identification:_identify(src/mypkg) by extensions ['ros']
[1.802s] Level 1:colcon.colcon_core.package_identification:_identify(src/mypkg) by extension 'ros'
[1.804s] DEBUG:colcon.colcon_core.package_identification:Package 'src/mypkg' with type 'ros.ament_python' and name 'mypkg'
[1.804s] Level 1:colcon.colcon_core.package_identification:_identify(src/person_msgs) by extensions ['ignore', 'ignore_ament_install']
[1.804s] Level 1:colcon.colcon_core.package_identification:_identify(src/person_msgs) by extension 'ignore'
[1.804s] Level 1:colcon.colcon_core.package_identification:_identify(src/person_msgs) by extension 'ignore_ament_install'
[1.804s] Level 1:colcon.colcon_core.package_identification:_identify(src/person_msgs) by extensions ['colcon_pkg']
[1.804s] Level 1:colcon.colcon_core.package_identification:_identify(src/person_msgs) by extension 'colcon_pkg'
[1.804s] Level 1:colcon.colcon_core.package_identification:_identify(src/person_msgs) by extensions ['colcon_meta']
[1.804s] Level 1:colcon.colcon_core.package_identification:_identify(src/person_msgs) by extension 'colcon_meta'
[1.804s] Level 1:colcon.colcon_core.package_identification:_identify(src/person_msgs) by extensions ['ros']
[1.804s] Level 1:colcon.colcon_core.package_identification:_identify(src/person_msgs) by extension 'ros'
[1.805s] DEBUG:colcon.colcon_core.package_identification:Package 'src/person_msgs' with type 'ros.ament_cmake' and name 'person_msgs'
[1.805s] Level 1:colcon.colcon_core.package_discovery:discover_packages(recursive) using defaults
[1.805s] Level 1:colcon.colcon_core.package_discovery:discover_packages(ignore) discover
[1.805s] Level 1:colcon.colcon_core.package_discovery:discover_packages(ignore) using defaults
[1.805s] Level 1:colcon.colcon_core.package_discovery:discover_packages(path) discover
[1.805s] Level 1:colcon.colcon_core.package_discovery:discover_packages(path) using defaults
[1.954s] Level 1:colcon.colcon_core.package_discovery:discover_packages(prefix_path) check parameters
[1.954s] Level 1:colcon.colcon_core.package_discovery:discover_packages(prefix_path) discover
[2.008s] DEBUG:colcon.colcon_installed_package_information.package_discovery:Found 2 installed packages in /home/kobayashi/ros2_ws/install
[2.045s] DEBUG:colcon.colcon_installed_package_information.package_discovery:Found 256 installed packages in /opt/ros/foxy
[2.046s] Level 1:colcon.colcon_core.package_discovery:discover_packages(prefix_path) using defaults
[2.158s] Level 5:colcon.colcon_core.verb:set package 'mypkg' build argument 'cmake_args' from command line to 'None'
[2.158s] Level 5:colcon.colcon_core.verb:set package 'mypkg' build argument 'cmake_target' from command line to 'None'
[2.158s] Level 5:colcon.colcon_core.verb:set package 'mypkg' build argument 'cmake_target_skip_unavailable' from command line to 'False'
[2.159s] Level 5:colcon.colcon_core.verb:set package 'mypkg' build argument 'cmake_clean_cache' from command line to 'False'
[2.159s] Level 5:colcon.colcon_core.verb:set package 'mypkg' build argument 'cmake_clean_first' from command line to 'False'
[2.159s] Level 5:colcon.colcon_core.verb:set package 'mypkg' build argument 'cmake_force_configure' from command line to 'False'
[2.159s] Level 5:colcon.colcon_core.verb:set package 'mypkg' build argument 'ament_cmake_args' from command line to 'None'
[2.159s] Level 5:colcon.colcon_core.verb:set package 'mypkg' build argument 'catkin_cmake_args' from command line to 'None'
[2.159s] Level 5:colcon.colcon_core.verb:set package 'mypkg' build argument 'catkin_skip_building_tests' from command line to 'False'
[2.159s] DEBUG:colcon.colcon_core.verb:Building package 'mypkg' with the following arguments: {'ament_cmake_args': None, 'build_base': '/home/kobayashi/ros2_ws/build/mypkg', 'catkin_cmake_args': None, 'catkin_skip_building_tests': False, 'cmake_args': None, 'cmake_clean_cache': False, 'cmake_clean_first': False, 'cmake_force_configure': False, 'cmake_target': None, 'cmake_target_skip_unavailable': False, 'install_base': '/home/kobayashi/ros2_ws/install/mypkg', 'merge_install': False, 'path': '/home/kobayashi/ros2_ws/src/mypkg', 'symlink_install': False, 'test_result_base': None}
[2.187s] Level 5:colcon.colcon_core.verb:set package 'person_msgs' build argument 'cmake_args' from command line to 'None'
[2.187s] Level 5:colcon.colcon_core.verb:set package 'person_msgs' build argument 'cmake_target' from command line to 'None'
[2.187s] Level 5:colcon.colcon_core.verb:set package 'person_msgs' build argument 'cmake_target_skip_unavailable' from command line to 'False'
[2.187s] Level 5:colcon.colcon_core.verb:set package 'person_msgs' build argument 'cmake_clean_cache' from command line to 'False'
[2.187s] Level 5:colcon.colcon_core.verb:set package 'person_msgs' build argument 'cmake_clean_first' from command line to 'False'
[2.187s] Level 5:colcon.colcon_core.verb:set package 'person_msgs' build argument 'cmake_force_configure' from command line to 'False'
[2.187s] Level 5:colcon.colcon_core.verb:set package 'person_msgs' build argument 'ament_cmake_args' from command line to 'None'
[2.187s] Level 5:colcon.colcon_core.verb:set package 'person_msgs' build argument 'catkin_cmake_args' from command line to 'None'
[2.187s] Level 5:colcon.colcon_core.verb:set package 'person_msgs' build argument 'catkin_skip_building_tests' from command line to 'False'
[2.187s] DEBUG:colcon.colcon_core.verb:Building package 'person_msgs' with the following arguments: {'ament_cmake_args': None, 'build_base': '/home/kobayashi/ros2_ws/build/person_msgs', 'catkin_cmake_args': None, 'catkin_skip_building_tests': False, 'cmake_args': None, 'cmake_clean_cache': False, 'cmake_clean_first': False, 'cmake_force_configure': False, 'cmake_target': None, 'cmake_target_skip_unavailable': False, 'install_base': '/home/kobayashi/ros2_ws/install/person_msgs', 'merge_install': False, 'path': '/home/kobayashi/ros2_ws/src/person_msgs', 'symlink_install': False, 'test_result_base': None}
[2.214s] INFO:colcon.colcon_core.executor:Executing jobs using 'parallel' executor
[2.242s] DEBUG:colcon.colcon_parallel_executor.executor.parallel:run_until_complete
[2.243s] INFO:colcon.colcon_ros.task.ament_python.build:Building ROS package in '/home/kobayashi/ros2_ws/src/mypkg' with build type 'ament_python'
[2.243s] Level 1:colcon.colcon_core.shell:create_environment_hook('mypkg', 'ament_prefix_path')
[2.275s] INFO:colcon.colcon_core.plugin_system:Skipping extension 'colcon_core.shell.bat': Not used on non-Windows systems
[2.276s] INFO:colcon.colcon_core.shell:Creating environment hook '/home/kobayashi/ros2_ws/install/mypkg/share/mypkg/hook/ament_prefix_path.ps1'
[2.276s] INFO:colcon.colcon_core.shell:Creating environment descriptor '/home/kobayashi/ros2_ws/install/mypkg/share/mypkg/hook/ament_prefix_path.dsv'
[2.277s] INFO:colcon.colcon_core.shell:Creating environment hook '/home/kobayashi/ros2_ws/install/mypkg/share/mypkg/hook/ament_prefix_path.sh'
[2.307s] INFO:colcon.colcon_core.shell:Skip shell extension 'powershell' for command environment: Not usable outside of PowerShell
[2.307s] DEBUG:colcon.colcon_core.shell:Skip shell extension 'dsv' for command environment
[2.400s] INFO:colcon.colcon_ros.task.ament_cmake.build:Building ROS package in '/home/kobayashi/ros2_ws/src/person_msgs' with build type 'ament_cmake'
[2.401s] INFO:colcon.colcon_cmake.task.cmake.build:Building CMake package in '/home/kobayashi/ros2_ws/src/person_msgs'
[2.450s] INFO:colcon.colcon_core.shell:Skip shell extension 'powershell' for command environment: Not usable outside of PowerShell
[2.450s] DEBUG:colcon.colcon_core.shell:Skip shell extension 'dsv' for command environment
[2.739s] INFO:colcon.colcon_core.task.python.build:Building Python package in '/home/kobayashi/ros2_ws/src/mypkg'
[2.774s] INFO:colcon.colcon_core.shell:Skip shell extension 'powershell' for command environment: Not usable outside of PowerShell
[2.774s] DEBUG:colcon.colcon_core.shell:Skip shell extension 'dsv' for command environment
[2.877s] DEBUG:colcon.colcon_core.event_handler.log_command:Invoking command in '/home/kobayashi/ros2_ws/build/person_msgs': CMAKE_PREFIX_PATH=${CMAKE_PREFIX_PATH}:/home/kobayashi/ros2_ws/install/mypkg:/opt/ros/foxy /usr/bin/cmake --build /home/kobayashi/ros2_ws/build/person_msgs -- -j8 -l8
[3.078s] DEBUG:colcon.colcon_core.event_handler.log_command:Invoked command in '/home/kobayashi/ros2_ws/build/person_msgs' returned '0': CMAKE_PREFIX_PATH=${CMAKE_PREFIX_PATH}:/home/kobayashi/ros2_ws/install/mypkg:/opt/ros/foxy /usr/bin/cmake --build /home/kobayashi/ros2_ws/build/person_msgs -- -j8 -l8
[3.140s] DEBUG:colcon.colcon_core.event_handler.log_command:Invoking command in '/home/kobayashi/ros2_ws/build/person_msgs': CMAKE_PREFIX_PATH=${CMAKE_PREFIX_PATH}:/home/kobayashi/ros2_ws/install/mypkg:/opt/ros/foxy /usr/bin/cmake --install /home/kobayashi/ros2_ws/build/person_msgs
[3.194s] Level 1:colcon.colcon_core.environment:create_environment_scripts_only(person_msgs)
[3.195s] DEBUG:colcon.colcon_core.event_handler.log_command:Invoked command in '/home/kobayashi/ros2_ws/build/person_msgs' returned '0': CMAKE_PREFIX_PATH=${CMAKE_PREFIX_PATH}:/home/kobayashi/ros2_ws/install/mypkg:/opt/ros/foxy /usr/bin/cmake --install /home/kobayashi/ros2_ws/build/person_msgs
[3.230s] Level 1:colcon.colcon_core.environment:checking '/home/kobayashi/ros2_ws/install/person_msgs' for CMake module files
[3.231s] Level 1:colcon.colcon_core.environment:checking '/home/kobayashi/ros2_ws/install/person_msgs' for CMake config files
[3.231s] Level 1:colcon.colcon_core.shell:create_environment_hook('person_msgs', 'cmake_prefix_path')
[3.266s] INFO:colcon.colcon_core.shell:Creating environment hook '/home/kobayashi/ros2_ws/install/person_msgs/share/person_msgs/hook/cmake_prefix_path.ps1'
[3.267s] INFO:colcon.colcon_core.shell:Creating environment descriptor '/home/kobayashi/ros2_ws/install/person_msgs/share/person_msgs/hook/cmake_prefix_path.dsv'
[3.267s] INFO:colcon.colcon_core.shell:Creating environment hook '/home/kobayashi/ros2_ws/install/person_msgs/share/person_msgs/hook/cmake_prefix_path.sh'
[3.268s] Level 1:colcon.colcon_core.environment:checking '/home/kobayashi/ros2_ws/install/person_msgs/lib'
[3.268s] Level 1:colcon.colcon_core.shell:create_environment_hook('person_msgs', 'ld_library_path_lib')
[3.304s] INFO:colcon.colcon_core.shell:Creating environment hook '/home/kobayashi/ros2_ws/install/person_msgs/share/person_msgs/hook/ld_library_path_lib.ps1'
[3.304s] INFO:colcon.colcon_core.shell:Creating environment descriptor '/home/kobayashi/ros2_ws/install/person_msgs/share/person_msgs/hook/ld_library_path_lib.dsv'
[3.304s] INFO:colcon.colcon_core.shell:Creating environment hook '/home/kobayashi/ros2_ws/install/person_msgs/share/person_msgs/hook/ld_library_path_lib.sh'
[3.305s] Level 1:colcon.colcon_core.environment:checking '/home/kobayashi/ros2_ws/install/person_msgs/bin'
[3.305s] Level 1:colcon.colcon_core.environment:checking '/home/kobayashi/ros2_ws/install/person_msgs/lib/pkgconfig/person_msgs.pc'
[3.305s] Level 1:colcon.colcon_core.environment:checking '/home/kobayashi/ros2_ws/install/person_msgs/lib/python3.8/site-packages'
[3.305s] Level 1:colcon.colcon_core.shell:create_environment_hook('person_msgs', 'pythonpath')
[3.335s] INFO:colcon.colcon_core.shell:Creating environment hook '/home/kobayashi/ros2_ws/install/person_msgs/share/person_msgs/hook/pythonpath.ps1'
[3.335s] INFO:colcon.colcon_core.shell:Creating environment descriptor '/home/kobayashi/ros2_ws/install/person_msgs/share/person_msgs/hook/pythonpath.dsv'
[3.335s] INFO:colcon.colcon_core.shell:Creating environment hook '/home/kobayashi/ros2_ws/install/person_msgs/share/person_msgs/hook/pythonpath.sh'
[3.336s] Level 1:colcon.colcon_core.environment:checking '/home/kobayashi/ros2_ws/install/person_msgs/bin'
[3.368s] INFO:colcon.colcon_core.shell:Creating package script '/home/kobayashi/ros2_ws/install/person_msgs/share/person_msgs/package.ps1'
[3.369s] INFO:colcon.colcon_core.shell:Creating package descriptor '/home/kobayashi/ros2_ws/install/person_msgs/share/person_msgs/package.dsv'
[3.369s] INFO:colcon.colcon_core.shell:Creating package script '/home/kobayashi/ros2_ws/install/person_msgs/share/person_msgs/package.sh'
[3.370s] INFO:colcon.colcon_core.shell:Creating package script '/home/kobayashi/ros2_ws/install/person_msgs/share/person_msgs/package.bash'
[3.371s] INFO:colcon.colcon_core.shell:Creating package script '/home/kobayashi/ros2_ws/install/person_msgs/share/person_msgs/package.zsh'
[3.372s] Level 1:colcon.colcon_core.environment:create_file_with_runtime_dependencies(/home/kobayashi/ros2_ws/install/person_msgs/share/colcon-core/packages/person_msgs)
[3.381s] DEBUG:colcon.colcon_core.event_handler.log_command:Invoking command in '/home/kobayashi/ros2_ws/src/mypkg': PYTHONPATH=/home/kobayashi/ros2_ws/build/mypkg/prefix_override:/home/kobayashi/ros2_ws/install/mypkg/lib/python3.8/site-packages:${PYTHONPATH} /usr/bin/python3 setup.py egg_info --egg-base ../../build/mypkg build --build-base /home/kobayashi/ros2_ws/build/mypkg/build install --record /home/kobayashi/ros2_ws/build/mypkg/install.log --install-scripts $base/lib/mypkg --single-version-externally-managed
[3.460s] Level 1:colcon.colcon_core.environment:create_environment_scripts_only(person_msgs)
[3.492s] Level 1:colcon.colcon_core.environment:checking '/home/kobayashi/ros2_ws/install/person_msgs' for CMake module files
[3.493s] Level 1:colcon.colcon_core.environment:checking '/home/kobayashi/ros2_ws/install/person_msgs' for CMake config files
[3.493s] Level 1:colcon.colcon_core.shell:create_environment_hook('person_msgs', 'cmake_prefix_path')
[3.523s] INFO:colcon.colcon_core.shell:Creating environment hook '/home/kobayashi/ros2_ws/install/person_msgs/share/person_msgs/hook/cmake_prefix_path.ps1'
[3.524s] INFO:colcon.colcon_core.shell:Creating environment descriptor '/home/kobayashi/ros2_ws/install/person_msgs/share/person_msgs/hook/cmake_prefix_path.dsv'
[3.524s] INFO:colcon.colcon_core.shell:Creating environment hook '/home/kobayashi/ros2_ws/install/person_msgs/share/person_msgs/hook/cmake_prefix_path.sh'
[3.525s] Level 1:colcon.colcon_core.environment:checking '/home/kobayashi/ros2_ws/install/person_msgs/lib'
[3.525s] Level 1:colcon.colcon_core.shell:create_environment_hook('person_msgs', 'ld_library_path_lib')
[3.558s] INFO:colcon.colcon_core.shell:Creating environment hook '/home/kobayashi/ros2_ws/install/person_msgs/share/person_msgs/hook/ld_library_path_lib.ps1'
[3.559s] INFO:colcon.colcon_core.shell:Creating environment descriptor '/home/kobayashi/ros2_ws/install/person_msgs/share/person_msgs/hook/ld_library_path_lib.dsv'
[3.559s] INFO:colcon.colcon_core.shell:Creating environment hook '/home/kobayashi/ros2_ws/install/person_msgs/share/person_msgs/hook/ld_library_path_lib.sh'
[3.560s] Level 1:colcon.colcon_core.environment:checking '/home/kobayashi/ros2_ws/install/person_msgs/bin'
[3.560s] Level 1:colcon.colcon_core.environment:checking '/home/kobayashi/ros2_ws/install/person_msgs/lib/pkgconfig/person_msgs.pc'
[3.560s] Level 1:colcon.colcon_core.environment:checking '/home/kobayashi/ros2_ws/install/person_msgs/lib/python3.8/site-packages'
[3.560s] Level 1:colcon.colcon_core.shell:create_environment_hook('person_msgs', 'pythonpath')
[3.599s] INFO:colcon.colcon_core.shell:Creating environment hook '/home/kobayashi/ros2_ws/install/person_msgs/share/person_msgs/hook/pythonpath.ps1'
[3.600s] INFO:colcon.colcon_core.shell:Creating environment descriptor '/home/kobayashi/ros2_ws/install/person_msgs/share/person_msgs/hook/pythonpath.dsv'
[3.602s] INFO:colcon.colcon_core.shell:Creating environment hook '/home/kobayashi/ros2_ws/install/person_msgs/share/person_msgs/hook/pythonpath.sh'
[3.604s] Level 1:colcon.colcon_core.environment:checking '/home/kobayashi/ros2_ws/install/person_msgs/bin'
[3.644s] INFO:colcon.colcon_core.shell:Creating package script '/home/kobayashi/ros2_ws/install/person_msgs/share/person_msgs/package.ps1'
[3.645s] INFO:colcon.colcon_core.shell:Creating package descriptor '/home/kobayashi/ros2_ws/install/person_msgs/share/person_msgs/package.dsv'
[3.646s] INFO:colcon.colcon_core.shell:Creating package script '/home/kobayashi/ros2_ws/install/person_msgs/share/person_msgs/package.sh'
[3.646s] INFO:colcon.colcon_core.shell:Creating package script '/home/kobayashi/ros2_ws/install/person_msgs/share/person_msgs/package.bash'
[3.647s] INFO:colcon.colcon_core.shell:Creating package script '/home/kobayashi/ros2_ws/install/person_msgs/share/person_msgs/package.zsh'
[3.647s] Level 1:colcon.colcon_core.environment:create_file_with_runtime_dependencies(/home/kobayashi/ros2_ws/install/person_msgs/share/colcon-core/packages/person_msgs)
[3.650s] DEBUG:colcon.colcon_core.event_handler.log_command:Invoked command in '/home/kobayashi/ros2_ws/src/mypkg' returned '0': PYTHONPATH=/home/kobayashi/ros2_ws/build/mypkg/prefix_override:/home/kobayashi/ros2_ws/install/mypkg/lib/python3.8/site-packages:${PYTHONPATH} /usr/bin/python3 setup.py egg_info --egg-base ../../build/mypkg build --build-base /home/kobayashi/ros2_ws/build/mypkg/build install --record /home/kobayashi/ros2_ws/build/mypkg/install.log --install-scripts $base/lib/mypkg --single-version-externally-managed
[3.683s] Level 1:colcon.colcon_core.environment:checking '/home/kobayashi/ros2_ws/install/mypkg' for CMake module files
[3.683s] Level 1:colcon.colcon_core.environment:checking '/home/kobayashi/ros2_ws/install/mypkg' for CMake config files
[3.684s] Level 1:colcon.colcon_core.environment:checking '/home/kobayashi/ros2_ws/install/mypkg/lib'
[3.684s] Level 1:colcon.colcon_core.environment:checking '/home/kobayashi/ros2_ws/install/mypkg/bin'
[3.684s] Level 1:colcon.colcon_core.environment:checking '/home/kobayashi/ros2_ws/install/mypkg/lib/pkgconfig/mypkg.pc'
[3.684s] Level 1:colcon.colcon_core.environment:checking '/home/kobayashi/ros2_ws/install/mypkg/lib/python3.8/site-packages'
[3.684s] Level 1:colcon.colcon_core.shell:create_environment_hook('mypkg', 'pythonpath')
[3.715s] INFO:colcon.colcon_core.shell:Creating environment hook '/home/kobayashi/ros2_ws/install/mypkg/share/mypkg/hook/pythonpath.ps1'
[3.715s] INFO:colcon.colcon_core.shell:Creating environment descriptor '/home/kobayashi/ros2_ws/install/mypkg/share/mypkg/hook/pythonpath.dsv'
[3.716s] INFO:colcon.colcon_core.shell:Creating environment hook '/home/kobayashi/ros2_ws/install/mypkg/share/mypkg/hook/pythonpath.sh'
[3.716s] Level 1:colcon.colcon_core.environment:checking '/home/kobayashi/ros2_ws/install/mypkg/bin'
[3.716s] Level 1:colcon.colcon_core.environment:create_environment_scripts_only(mypkg)
[3.748s] INFO:colcon.colcon_core.shell:Creating package script '/home/kobayashi/ros2_ws/install/mypkg/share/mypkg/package.ps1'
[3.748s] INFO:colcon.colcon_core.shell:Creating package descriptor '/home/kobayashi/ros2_ws/install/mypkg/share/mypkg/package.dsv'
[3.749s] INFO:colcon.colcon_core.shell:Creating package script '/home/kobayashi/ros2_ws/install/mypkg/share/mypkg/package.sh'
[3.749s] INFO:colcon.colcon_core.shell:Creating package script '/home/kobayashi/ros2_ws/install/mypkg/share/mypkg/package.bash'
[3.749s] INFO:colcon.colcon_core.shell:Creating package script '/home/kobayashi/ros2_ws/install/mypkg/share/mypkg/package.zsh'
[3.749s] Level 1:colcon.colcon_core.environment:create_file_with_runtime_dependencies(/home/kobayashi/ros2_ws/install/mypkg/share/colcon-core/packages/mypkg)
[3.750s] DEBUG:colcon.colcon_parallel_executor.executor.parallel:closing loop
[3.750s] DEBUG:colcon.colcon_parallel_executor.executor.parallel:loop closed
[3.750s] DEBUG:colcon.colcon_parallel_executor.executor.parallel:run_until_complete finished with '0'
[3.750s] DEBUG:colcon.colcon_core.event_reactor:joining thread
[3.812s] INFO:colcon.colcon_core.plugin_system:Skipping extension 'colcon_notification.desktop_notification.notify_send': Could not find 'notify-send'
[3.813s] INFO:colcon.colcon_core.plugin_system:Skipping extension 'colcon_notification.desktop_notification.terminal_notifier': Not used on non-Darwin systems
[3.813s] INFO:colcon.colcon_core.plugin_system:Skipping extension 'colcon_notification.desktop_notification.win32': Not used on non-Windows systems
[3.813s] INFO:colcon.colcon_notification.desktop_notification:Sending desktop notification using 'notify2'
[3.818s] DEBUG:colcon.colcon_notification.desktop_notification.notify2:Failed to initialize notify2: org.freedesktop.DBus.Error.ServiceUnknown: The name org.freedesktop.Notifications was not provided by any .service files
[3.818s] DEBUG:colcon.colcon_core.event_reactor:joined thread
[3.849s] INFO:colcon.colcon_core.shell:Creating prefix script '/home/kobayashi/ros2_ws/install/local_setup.ps1'
[3.850s] INFO:colcon.colcon_core.shell:Creating prefix util module '/home/kobayashi/ros2_ws/install/_local_setup_util_ps1.py'
[3.851s] INFO:colcon.colcon_core.shell:Creating prefix chain script '/home/kobayashi/ros2_ws/install/setup.ps1'
[3.880s] INFO:colcon.colcon_core.shell:Creating prefix script '/home/kobayashi/ros2_ws/install/local_setup.sh'
[3.881s] INFO:colcon.colcon_core.shell:Creating prefix util module '/home/kobayashi/ros2_ws/install/_local_setup_util_sh.py'
[3.882s] INFO:colcon.colcon_core.shell:Creating prefix chain script '/home/kobayashi/ros2_ws/install/setup.sh'
[3.912s] INFO:colcon.colcon_core.shell:Creating prefix script '/home/kobayashi/ros2_ws/install/local_setup.bash'
[3.912s] INFO:colcon.colcon_core.shell:Creating prefix chain script '/home/kobayashi/ros2_ws/install/setup.bash'
[3.942s] INFO:colcon.colcon_core.shell:Creating prefix script '/home/kobayashi/ros2_ws/install/local_setup.zsh'
[3.943s] INFO:colcon.colcon_core.shell:Creating prefix chain script '/home/kobayashi/ros2_ws/install/setup.zsh'
